
   %                          RF:RF2 PI: PART-1  U:U2 PI: PART-1-1
   %               X               -1 N: 7              N: 7      

                0.                -0.                 0.         
               10.E-06            -2.81355E-03       -5.E-06     
               20.E-06            -5.6271E-03       -10.E-06     
               30.E-06            -8.44066E-03      -15.E-06     
               50.E-06           -14.0678E-03       -25.E-06     
               90.E-06           -25.322E-03        -45.E-06     
              170.E-06           -47.8304E-03       -85.E-06     
              330.E-06           -92.8472E-03      -165.E-06     
              650.E-06          -182.881E-03       -325.E-06     
                1.29E-03        -362.947E-03       -645.E-06     
                2.57E-03        -723.071E-03         -1.285E-03  
                5.13E-03          -1.44326           -2.565E-03  
               10.25E-03          -2.88314           -5.125E-03  
               17.93E-03          -5.04067           -8.965E-03  
               29.45E-03          -8.268            -14.725E-03  
               46.73E-03         -13.0758           -23.365E-03  
               64.01E-03         -17.8222           -32.005E-03  
               81.29E-03         -22.4795           -40.645E-03  
               98.57E-03         -27.0099           -49.285E-03  
              115.85E-03         -31.3295           -57.925E-03  
              120.17E-03         -32.2889           -60.085E-03  
              121.25E-03         -32.4666           -60.625E-03  
              121.52E-03         -32.4761           -60.76E-03   
              121.79E-03         -32.4725           -60.895E-03  
              122.06E-03         -32.4488           -61.03E-03   
              122.33E-03         -32.3951           -61.165E-03  
              122.6E-03          -32.291            -61.3E-03    
              122.87E-03         -32.1371           -61.435E-03  
              123.14E-03         -31.9809           -61.57E-03   
              123.41E-03         -31.8226           -61.705E-03  
              123.68E-03         -31.6548           -61.84E-03   
              123.95E-03         -31.4746           -61.975E-03  
              124.22E-03         -31.2804           -62.11E-03   
              124.287E-03        -31.1624           -62.1437E-03 
              124.304E-03        -31.0988           -62.1522E-03 
              124.321E-03        -31.0351           -62.1606E-03 
              124.347E-03        -30.9575           -62.1733E-03 
              124.385E-03        -30.8632           -62.1923E-03 
              124.399E-03        -30.8027           -62.1994E-03 
              124.42E-03         -30.7287           -62.2101E-03 
              124.452E-03        -30.6384           -62.2261E-03 
              124.5E-03          -30.5282           -62.2501E-03 
              124.548E-03        -30.4157           -62.2741E-03 
              124.596E-03        -30.3007           -62.2982E-03 
              124.668E-03        -30.16             -62.3342E-03 
              124.74E-03         -30.0153           -62.3702E-03 
              124.813E-03        -29.8672           -62.4063E-03 
              124.831E-03        -29.7876           -62.4153E-03 
              124.849E-03        -29.7074           -62.4243E-03 
              124.876E-03        -29.6096           -62.4378E-03 
              124.916E-03        -29.4906           -62.4581E-03 
              124.957E-03        -29.3693           -62.4784E-03 
              124.997E-03        -29.2461           -62.4986E-03 
              125.058E-03        -29.0954           -62.529E-03  
              125.119E-03        -28.9411           -62.5595E-03 
              125.134E-03        -28.8594           -62.5671E-03 
              125.149E-03        -28.7776           -62.5747E-03 
              125.172E-03        -28.6776           -62.5861E-03 
              125.195E-03        -28.5763           -62.5975E-03 
              125.218E-03        -28.4743           -62.6089E-03 
              125.252E-03        -28.3496           -62.626E-03  
              125.286E-03        -28.2226           -62.6431E-03 
              125.32E-03         -28.0934           -62.6602E-03 
              125.372E-03        -27.9341           -62.6858E-03 
              125.423E-03        -27.7627           -62.7115E-03 
              125.474E-03        -27.5646           -62.7372E-03 
              125.487E-03        -27.4635           -62.7436E-03 
              125.5E-03          -27.3659           -62.75E-03   
              125.519E-03        -27.249            -62.7596E-03 
              125.548E-03        -27.1083           -62.774E-03  
              125.577E-03        -26.9676           -62.7885E-03 
              125.606E-03        -26.8253           -62.8029E-03 
              125.635E-03        -26.6817           -62.8173E-03 
              125.678E-03        -26.5058           -62.839E-03  
              125.721E-03        -26.326            -62.8606E-03 
              125.765E-03        -26.143            -62.8823E-03 
              125.83E-03         -25.9161           -62.9148E-03 
              125.894E-03        -25.6818           -62.9472E-03 
              125.911E-03        -25.5594           -62.9554E-03 
              125.927E-03        -25.4359           -62.9635E-03 
              125.951E-03        -25.2826           -62.9757E-03 
              125.988E-03        -25.0928           -62.9939E-03 
              126.024E-03        -24.8988           -63.0122E-03 
              126.061E-03        -24.6985           -63.0305E-03 
              126.097E-03        -24.4933           -63.0487E-03 
              126.152E-03        -24.2346           -63.0761E-03 
              126.207E-03        -23.9639           -63.1035E-03 
              126.262E-03        -23.6811           -63.1309E-03 
              126.317E-03        -23.3826           -63.1583E-03 
              126.371E-03        -23.0681           -63.1857E-03 
              126.426E-03        -22.7338           -63.2131E-03 
              126.481E-03        -22.38             -63.2405E-03 
              126.536E-03        -22.0094           -63.2679E-03 
              126.55E-03         -21.8214           -63.2748E-03 
              126.563E-03        -21.6449           -63.2816E-03 
              126.577E-03        -21.4885           -63.2885E-03 
              126.58E-03         -21.4175           -63.2902E-03 
              126.584E-03        -21.352            -63.2919E-03 
              126.589E-03        -21.2774           -63.2944E-03 
              126.597E-03        -21.192            -63.2983E-03 
              126.604E-03        -21.1105           -63.3022E-03 
              126.612E-03        -21.0318           -63.306E-03  
              126.62E-03         -20.9553           -63.3099E-03 
              126.631E-03        -20.8651           -63.3156E-03 
              126.649E-03        -20.7603           -63.3243E-03 
              126.675E-03        -20.6402           -63.3373E-03 
              126.701E-03        -20.5277           -63.3503E-03 
              126.727E-03        -20.4211           -63.3633E-03 
              126.753E-03        -20.3178           -63.3763E-03 
              126.779E-03        -20.216            -63.3893E-03 
              126.805E-03        -20.1154           -63.4023E-03 
              126.831E-03        -20.0202           -63.4153E-03 
              126.857E-03        -19.9296           -63.4283E-03 
              126.896E-03        -19.8104           -63.4478E-03 
              126.954E-03        -19.6733           -63.4771E-03 
              127.013E-03        -19.5419           -63.5064E-03 
              127.071E-03        -19.4147           -63.5356E-03 
              127.13E-03         -19.309            -63.5649E-03 
              127.188E-03        -19.219            -63.5941E-03 
              127.247E-03        -19.1384           -63.6234E-03 
              127.305E-03        -19.0646           -63.6527E-03 
              127.364E-03        -18.9967           -63.6819E-03 
              127.422E-03        -18.9344           -63.7112E-03 
              127.481E-03        -18.8779           -63.7404E-03 
              127.569E-03        -18.8185           -63.7843E-03 
              127.7E-03          -18.7592           -63.8502E-03 
              127.832E-03        -18.7082           -63.916E-03  
              127.964E-03        -18.6643           -63.9818E-03 
              128.161E-03        -18.6233           -64.0806E-03 
              128.359E-03        -18.5884           -64.1793E-03 
              128.556E-03        -18.5581           -64.2781E-03 
              128.754E-03        -18.5319           -64.3768E-03 
              128.951E-03        -18.509            -64.4756E-03 
              129.247E-03        -18.4923           -64.6237E-03 
              129.544E-03        -18.4784           -64.7718E-03 
              129.84E-03         -18.4667           -64.9199E-03 
              130.136E-03        -18.4573           -65.0681E-03 
              130.432E-03        -18.4501           -65.2162E-03 
              130.729E-03        -18.4435           -65.3643E-03 
              131.025E-03        -18.4384           -65.5124E-03 
              131.321E-03        -18.4351           -65.6606E-03 
              131.617E-03        -18.4333           -65.8087E-03 
              132.062E-03        -18.444            -66.0309E-03 
              132.506E-03        -18.4562           -66.253E-03  
              132.95E-03         -18.4686           -66.4752E-03 
              133.395E-03        -18.4785           -66.6974E-03 
              133.839E-03        -18.4865           -66.9196E-03 
              134.284E-03        -18.5008           -67.1418E-03 
              134.728E-03        -18.5192           -67.364E-03  
              135.172E-03        -18.5388           -67.5862E-03 
              135.617E-03        -18.5591           -67.8083E-03 
              136.061E-03        -18.5803           -68.0305E-03 
              136.505E-03        -18.602            -68.2527E-03 
              136.95E-03         -18.6244           -68.4749E-03 
              137.394E-03        -18.6474           -68.6971E-03 
              137.839E-03        -18.6709           -68.9193E-03 
              138.283E-03        -18.6949           -69.1414E-03 
              138.727E-03        -18.7195           -69.3636E-03 
              139.172E-03        -18.7445           -69.5858E-03 
              139.616E-03        -18.7699           -69.808E-03  
              140.283E-03        -18.8171           -70.1413E-03 
              140.949E-03        -18.8643           -70.4746E-03 
              141.616E-03        -18.912            -70.8078E-03 
              142.282E-03        -18.9598           -71.1411E-03 
              142.949E-03        -19.008            -71.4744E-03 
              143.615E-03        -19.0566           -71.8077E-03 
              144.282E-03        -19.1054           -72.1409E-03 
              144.948E-03        -19.1545           -72.4742E-03 
              145.615E-03        -19.2039           -72.8075E-03 
              146.282E-03        -19.2535           -73.1408E-03 
              146.948E-03        -19.3034           -73.4741E-03 
              147.615E-03        -19.3534           -73.8073E-03 
              148.281E-03        -19.4037           -74.1406E-03 
              148.948E-03        -19.4543           -74.4739E-03 
              149.614E-03        -19.5051           -74.8072E-03 
              150.281E-03        -19.556            -75.1404E-03 
              150.947E-03        -19.6073           -75.4737E-03 
              151.614E-03        -19.6587           -75.807E-03  
              152.281E-03        -19.7102           -76.1403E-03 
              152.947E-03        -19.762            -76.4735E-03 
              153.614E-03        -19.8138           -76.8068E-03 
              154.28E-03         -19.8658           -77.1401E-03 
              154.947E-03        -19.9181           -77.4734E-03 
              155.613E-03        -19.9704           -77.8066E-03 
              156.28E-03         -20.0228           -78.1399E-03 
              156.946E-03        -20.0754           -78.4732E-03 
              157.613E-03        -20.128            -78.8065E-03 
              158.28E-03         -20.1807           -79.1398E-03 
              158.946E-03        -20.2337           -79.473E-03  
              159.613E-03        -20.2866           -79.8063E-03 
              160.279E-03        -20.3396           -80.1396E-03 
              161.279E-03        -20.4256           -80.6395E-03 
              162.279E-03        -20.511            -81.1394E-03 
              163.279E-03        -20.5961           -81.6393E-03 
              164.279E-03        -20.681            -82.1393E-03 
              165.278E-03        -20.7654           -82.6392E-03 
              166.278E-03        -20.8497           -83.1391E-03 
              167.278E-03        -20.9337           -83.639E-03  
              168.278E-03        -21.0173           -84.1389E-03 
              169.278E-03        -21.1008           -84.6388E-03 
              170.277E-03        -21.1837           -85.1387E-03 
              171.277E-03        -21.2664           -85.6387E-03 
              172.277E-03        -21.3487           -86.1386E-03 
              173.277E-03        -21.4304           -86.6385E-03 
              174.277E-03        -21.5117           -87.1384E-03 
              175.277E-03        -21.5927           -87.6383E-03 
              176.276E-03        -21.673            -88.1382E-03 
              177.276E-03        -21.7527           -88.6382E-03 
              178.276E-03        -21.8314           -89.1381E-03 
              178.526E-03        -21.8445           -89.2631E-03 
              178.589E-03        -21.845            -89.2943E-03 
              178.682E-03        -21.8478           -89.3412E-03 
              178.753E-03        -21.8486           -89.3763E-03 
              178.779E-03        -21.8466           -89.3895E-03 
              178.805E-03        -21.8429           -89.4027E-03 
              178.832E-03        -21.8232           -89.4159E-03 
              178.858E-03        -21.7735           -89.429E-03  
              178.884E-03        -21.7289           -89.4422E-03 
              178.911E-03        -21.6817           -89.4554E-03 
              178.917E-03        -21.6587           -89.4587E-03 
              178.924E-03        -21.6402           -89.462E-03  
              178.931E-03        -21.6255           -89.4653E-03 
              178.937E-03        -21.6136           -89.4686E-03 
              178.944E-03        -21.6041           -89.4719E-03 
              178.95E-03         -21.5963           -89.4752E-03 
              178.96E-03         -21.5889           -89.4801E-03 
              178.97E-03         -21.5826           -89.4851E-03 
              178.98E-03         -21.5774           -89.49E-03   
              178.995E-03        -21.5723           -89.4974E-03 
              179.01E-03         -21.5678           -89.5048E-03 
              179.024E-03        -21.5639           -89.5122E-03 
              179.047E-03        -21.5603           -89.5234E-03 
              179.08E-03         -21.5571           -89.54E-03   
              179.13E-03         -21.5552           -89.5651E-03 
              179.205E-03        -21.5554           -89.6026E-03 
              179.28E-03         -21.5565           -89.6401E-03 
              179.355E-03        -21.5581           -89.6777E-03 
              179.43E-03         -21.5602           -89.7152E-03 
              179.505E-03        -21.5626           -89.7527E-03 
              179.581E-03        -21.565            -89.7903E-03 
              179.656E-03        -21.5674           -89.8278E-03 
              179.768E-03        -21.5724           -89.8841E-03 
              179.937E-03        -21.5814           -89.9686E-03 
              180.191E-03        -21.5969           -90.0953E-03 
              180.571E-03        -21.6223           -90.2853E-03 
              181.141E-03        -21.6631           -90.5703E-03 
              181.996E-03        -21.727            -90.9979E-03 
              183.278E-03        -21.8246           -91.6392E-03 
              184.561E-03        -21.9165           -92.2806E-03 
              184.882E-03        -21.9298           -92.4409E-03 
              185.202E-03        -21.9444           -92.6012E-03 
              185.523E-03        -21.9569           -92.7616E-03 
              185.844E-03        -21.9642           -92.9219E-03 
              185.924E-03        -21.958            -92.962E-03  
              185.944E-03        -21.9523           -92.972E-03  
              185.964E-03        -21.9459           -92.982E-03  
              185.972E-03        -21.9412           -92.9858E-03 
              185.983E-03        -21.9368           -92.9914E-03 
              186.E-03           -21.9345           -92.9999E-03 
              186.017E-03        -21.9336           -93.0083E-03 
              186.034E-03        -21.9329           -93.0168E-03 
              186.05E-03         -21.9324           -93.0252E-03 
              186.076E-03        -21.9323           -93.0379E-03 
              186.114E-03        -21.9332           -93.057E-03  
              186.171E-03        -21.9355           -93.0855E-03 
              186.257E-03        -21.94             -93.1283E-03 
              186.385E-03        -21.9472           -93.1925E-03 
              186.578E-03        -21.9588           -93.2888E-03 
              186.867E-03        -21.977            -93.4333E-03 
              187.3E-03          -22.0054           -93.65E-03   
              187.95E-03         -22.0491           -93.975E-03  
              188.925E-03        -22.1154           -94.4626E-03 
              190.388E-03        -22.2117           -95.1939E-03 
              191.851E-03        -22.2886           -95.9253E-03 
              193.313E-03        -22.3316           -96.6566E-03 
              193.679E-03        -22.2992           -96.8395E-03 
              194.227E-03        -22.2395           -97.1137E-03 
              195.05E-03         -21.9028           -97.5251E-03 
              195.053E-03        -21.8691           -97.5263E-03 
              195.054E-03        -21.8396           -97.5272E-03 
              195.056E-03        -21.8099           -97.5281E-03 
              195.059E-03        -21.7729           -97.5295E-03 
              195.063E-03        -21.727            -97.5315E-03 
              195.069E-03        -21.6699           -97.5346E-03 
              195.075E-03        -21.6116           -97.5376E-03 
              195.081E-03        -21.5518           -97.5407E-03 
              195.09E-03         -21.477            -97.5452E-03 
              195.1E-03          -21.4007           -97.5498E-03 
              195.109E-03        -21.3223           -97.5544E-03 
              195.118E-03        -21.2423           -97.559E-03  
              195.132E-03        -21.1427           -97.5658E-03 
              195.145E-03        -21.0404           -97.5727E-03 
              195.159E-03        -20.9361           -97.5796E-03 
              195.173E-03        -20.8305           -97.5864E-03 
              195.187E-03        -20.7233           -97.5933E-03 
              195.207E-03        -20.5906           -97.6036E-03 
              195.228E-03        -20.4555           -97.6139E-03 
              195.248E-03        -20.3179           -97.6242E-03 
              195.269E-03        -20.1785           -97.6345E-03 
              195.29E-03         -20.0364           -97.6448E-03 
              195.31E-03         -19.8917           -97.6551E-03 
              195.331E-03        -19.7436           -97.6654E-03 
              195.336E-03        -19.6677           -97.6679E-03 
              195.341E-03        -19.5912           -97.6705E-03 
              195.346E-03        -19.5151           -97.6731E-03 
              195.351E-03        -19.4397           -97.6757E-03 
              195.356E-03        -19.365            -97.6782E-03 
              195.364E-03        -19.2739           -97.6821E-03 
              195.376E-03        -19.1625           -97.6879E-03 
              195.387E-03        -19.0508           -97.6937E-03 
              195.399E-03        -18.9389           -97.6995E-03 
              195.411E-03        -18.8268           -97.7053E-03 
              195.428E-03        -18.6891           -97.7139E-03 
              195.454E-03        -18.5197           -97.727E-03  
              195.493E-03        -18.3119           -97.7465E-03 
              195.532E-03        -18.1018           -97.7661E-03 
              195.571E-03        -17.8909           -97.7856E-03 
              195.61E-03         -17.6787           -97.8052E-03 
              195.649E-03        -17.4659           -97.8247E-03 
              195.689E-03        -17.2525           -97.8443E-03 
              195.728E-03        -17.0381           -97.8638E-03 
              195.767E-03        -16.8233           -97.8833E-03 
              195.806E-03        -16.6073           -97.9029E-03 
              195.845E-03        -16.391            -97.9224E-03 
              195.884E-03        -16.1733           -97.942E-03  
              195.923E-03        -15.9546           -97.9615E-03 
              195.938E-03        -15.8195           -97.9689E-03 
              195.96E-03         -15.6537           -97.9799E-03 
              195.993E-03        -15.4506           -97.9963E-03 
              196.026E-03        -15.2456           -98.0128E-03 
              196.059E-03        -15.0382           -98.0293E-03 
              196.092E-03        -14.8287           -98.0458E-03 
              196.125E-03        -14.616            -98.0623E-03 
              196.158E-03        -14.4005           -98.0788E-03 
              196.191E-03        -14.1818           -98.0953E-03 
              196.224E-03        -13.9588           -98.1118E-03 
              196.257E-03        -13.732            -98.1283E-03 
              196.29E-03         -13.5005           -98.1448E-03 
              196.323E-03        -13.2644           -98.1613E-03 
              196.356E-03        -13.0237           -98.1778E-03 
              196.389E-03        -12.7793           -98.1943E-03 
              196.422E-03        -12.5339           -98.2108E-03 
              196.454E-03        -12.2923           -98.2272E-03 
              196.487E-03        -12.0633           -98.2437E-03 
              196.492E-03        -11.9863           -98.2458E-03 
              196.496E-03        -11.9115           -98.2479E-03 
              196.497E-03        -11.8738           -98.2484E-03 
              196.498E-03        -11.8355           -98.2489E-03 
              196.499E-03        -11.7967           -98.2494E-03 
              196.5E-03          -11.7491           -98.2502E-03 
              196.503E-03        -11.6911           -98.2513E-03 
              196.505E-03        -11.6319           -98.2525E-03 
              196.507E-03        -11.571            -98.2537E-03 
              196.511E-03        -11.4957           -98.2554E-03 
              196.514E-03        -11.4192           -98.2571E-03 
              196.518E-03        -11.3377           -98.2589E-03 
              196.521E-03        -11.2636           -98.2606E-03 
              196.525E-03        -11.2072           -98.2624E-03 
              196.528E-03        -11.156            -98.2641E-03 
              196.532E-03        -11.1065           -98.2658E-03 
              196.535E-03        -11.0584           -98.2676E-03 
              196.54E-03         -11.0014           -98.2702E-03 
              196.548E-03        -10.935            -98.2741E-03 
              196.556E-03        -10.8718           -98.278E-03  
              196.564E-03        -10.8115           -98.2819E-03 
              196.576E-03        -10.7416           -98.2878E-03 
              196.593E-03        -10.6609           -98.2966E-03 
              196.62E-03         -10.5684           -98.3098E-03 
              196.646E-03        -10.4805           -98.323E-03  
              196.672E-03        -10.3964           -98.3362E-03 
              196.712E-03        -10.2977           -98.356E-03  
              196.752E-03        -10.1982           -98.3758E-03 
              196.791E-03        -10.0938           -98.3957E-03 
              196.811E-03        -10.0375           -98.4056E-03 
              196.831E-03         -9.98791          -98.4155E-03 
              196.851E-03         -9.94065          -98.4254E-03 
              196.871E-03         -9.89553          -98.4353E-03 
              196.9E-03           -9.84355          -98.4502E-03 
              196.93E-03          -9.79435          -98.465E-03  
              196.96E-03          -9.74755          -98.4799E-03 
              196.989E-03         -9.70265          -98.4947E-03 
              197.019E-03         -9.65929          -98.5096E-03 
              197.064E-03         -9.60793          -98.5319E-03 
              197.131E-03         -9.54535          -98.5653E-03 
              197.198E-03         -9.47695          -98.5988E-03 
              197.214E-03         -9.44884          -98.6071E-03 
              197.231E-03         -9.42595          -98.6155E-03 
              197.256E-03         -9.40069          -98.628E-03  
              197.281E-03         -9.37711          -98.6405E-03 
              197.306E-03         -9.35519          -98.6531E-03 
              197.344E-03         -9.33061          -98.6719E-03 
              197.4E-03           -9.30413          -98.7001E-03 
              197.421E-03         -9.28837          -98.7107E-03 
              197.453E-03         -9.27052          -98.7265E-03 
              197.501E-03         -9.25159          -98.7504E-03 
              197.572E-03         -9.23179          -98.7861E-03 
              197.679E-03         -9.2117           -98.8396E-03 
              197.84E-03          -9.19172          -98.92E-03   
              198.001E-03         -9.17394          -99.0003E-03 
              198.161E-03         -9.15798          -99.0806E-03 
              198.402E-03         -9.14261          -99.2011E-03 
              198.643E-03         -9.12903          -99.3216E-03 
              198.884E-03         -9.11706          -99.4421E-03 
              199.246E-03         -9.10731          -99.6229E-03 
              199.607E-03         -9.09919          -99.8036E-03 
              199.969E-03         -9.0926           -99.9844E-03 
              200.33E-03          -9.08738         -100.165E-03  
              200.873E-03         -9.08672         -100.436E-03  
              201.415E-03         -9.0875          -100.707E-03  
              201.957E-03         -9.08937         -100.979E-03  
              202.499E-03         -9.09218         -101.25E-03   
              203.042E-03         -9.09601         -101.521E-03  
              203.855E-03         -9.10776         -101.927E-03  
              204.668E-03         -9.12031         -102.334E-03  
              205.482E-03         -9.13362         -102.741E-03  
              206.295E-03         -9.14755         -103.148E-03  
              207.109E-03         -9.16229         -103.554E-03  
              207.922E-03         -9.17764         -103.961E-03  
              208.735E-03         -9.19331         -104.368E-03  
              209.549E-03         -9.20945         -104.774E-03  
              210.769E-03         -9.23857         -105.384E-03  
              211.989E-03         -9.2676          -105.994E-03  
              213.209E-03         -9.29661         -106.604E-03  
              213.438E-03         -9.29649         -106.719E-03  
              213.666E-03         -9.29622         -106.833E-03  
              213.895E-03         -9.29585         -106.948E-03  
              214.124E-03         -9.29579         -107.062E-03  
              214.353E-03         -9.29572         -107.176E-03  
              214.582E-03         -9.29557         -107.291E-03  
              214.81E-03          -9.29577         -107.405E-03  
              215.039E-03         -9.2967          -107.52E-03   
              215.382E-03         -9.30147         -107.691E-03  
              215.725E-03         -9.30639         -107.863E-03  
              216.069E-03         -9.31134         -108.034E-03  
              216.583E-03         -9.32158         -108.292E-03  
              217.098E-03         -9.33218         -108.549E-03  
              217.613E-03         -9.34299         -108.806E-03  
              218.385E-03         -9.36181         -109.192E-03  
              219.543E-03         -9.39338         -109.771E-03  
              220.701E-03         -9.42525         -110.351E-03  
              221.859E-03         -9.45712         -110.93E-03   
              223.596E-03         -9.50823         -111.798E-03  
              225.334E-03         -9.55911         -112.667E-03  
              227.071E-03         -9.60618         -113.535E-03  
              227.396E-03         -9.60812         -113.698E-03  
              227.722E-03         -9.61252         -113.861E-03  
              228.048E-03         -9.61851         -114.024E-03  
              228.374E-03         -9.6248          -114.187E-03  
              228.699E-03         -9.63112         -114.35E-03   
              228.822E-03         -9.63201         -114.411E-03  
              228.867E-03         -9.63138         -114.434E-03  
              228.913E-03         -9.63069         -114.457E-03  
              228.959E-03         -9.62979         -114.479E-03  
              228.976E-03         -9.62857         -114.488E-03  
              229.002E-03         -9.62651         -114.501E-03  
              229.04E-03          -9.6085          -114.52E-03   
              229.06E-03          -9.58861         -114.53E-03   
              229.079E-03         -9.57372         -114.54E-03   
              229.098E-03         -9.56202         -114.549E-03  
              229.118E-03         -9.55214         -114.559E-03  
              229.137E-03         -9.54338         -114.569E-03  
              229.156E-03         -9.53493         -114.578E-03  
              229.185E-03         -9.52357         -114.593E-03  
              229.214E-03         -9.49415         -114.607E-03  
              229.243E-03         -9.45287         -114.622E-03  
              229.251E-03         -9.4409          -114.625E-03  
              229.258E-03         -9.43183         -114.629E-03  
              229.265E-03         -9.42376         -114.633E-03  
              229.272E-03         -9.4164          -114.636E-03  
              229.28E-03          -9.40944         -114.64E-03   
              229.29E-03          -9.40156         -114.645E-03  
              229.301E-03         -9.39404         -114.651E-03  
              229.312E-03         -9.3869          -114.656E-03  
              229.323E-03         -9.38012         -114.662E-03  
              229.334E-03         -9.37363         -114.667E-03  
              229.345E-03         -9.36755         -114.672E-03  
              229.356E-03         -9.36177         -114.678E-03  
              229.372E-03         -9.35533         -114.686E-03  
              229.388E-03         -9.34939         -114.694E-03  
              229.405E-03         -9.34389         -114.702E-03  
              229.421E-03         -9.33881         -114.71E-03   
              229.437E-03         -9.33406         -114.719E-03  
              229.462E-03         -9.3288          -114.731E-03  
              229.486E-03         -9.32393         -114.743E-03  
              229.511E-03         -9.31953         -114.755E-03  
              229.547E-03         -9.31523         -114.774E-03  
              229.584E-03         -9.31194         -114.792E-03  
              229.621E-03         -9.30966         -114.81E-03   
              229.676E-03         -9.30818         -114.838E-03  
              229.731E-03         -9.30729         -114.865E-03  
              229.786E-03         -9.30682         -114.893E-03  
              229.841E-03         -9.30664         -114.92E-03   
              229.896E-03         -9.30666         -114.948E-03  
              229.951E-03         -9.30678         -114.975E-03  
              230.006E-03         -9.30691         -115.003E-03  
              230.061E-03         -9.30708         -115.03E-03   
              230.171E-03         -9.30858         -115.085E-03  
              230.336E-03         -9.31158         -115.168E-03  
              230.584E-03         -9.31706         -115.292E-03  
              230.955E-03         -9.32629         -115.478E-03  
              231.512E-03         -9.34113         -115.756E-03  
              232.069E-03         -9.35582         -116.035E-03  
              232.627E-03         -9.37043         -116.313E-03  
              233.462E-03         -9.3939          -116.731E-03  
              234.716E-03         -9.43094         -117.358E-03  
              236.596E-03         -9.48815         -118.298E-03  
              238.477E-03         -9.54331         -119.238E-03  
              240.357E-03         -9.59645         -120.179E-03  
              240.827E-03         -9.60581         -120.414E-03  
              241.297E-03         -9.61266         -120.649E-03  
              241.65E-03          -9.616           -120.825E-03  
              242.002E-03         -9.62058         -121.001E-03  
              242.355E-03         -9.62572         -121.178E-03  
              242.708E-03         -9.62874         -121.354E-03  
              242.796E-03         -9.62474         -121.398E-03  
              242.884E-03         -9.61129         -121.442E-03  
              242.972E-03         -9.58318         -121.486E-03  
              242.994E-03         -9.56969         -121.497E-03  
              243.016E-03         -9.55816         -121.508E-03  
              243.038E-03         -9.54709         -121.519E-03  
              243.06E-03          -9.53622         -121.53E-03   
              243.082E-03         -9.52561         -121.541E-03  
              243.104E-03         -9.51551         -121.552E-03  
              243.126E-03         -9.50604         -121.563E-03  
              243.148E-03         -9.49731         -121.574E-03  
              243.17E-03          -9.48909         -121.585E-03  
              243.192E-03         -9.48094         -121.596E-03  
              243.214E-03         -9.47254         -121.607E-03  
              243.236E-03         -9.463           -121.618E-03  
              243.259E-03         -9.45093         -121.629E-03  
              243.281E-03         -9.4332          -121.64E-03   
              243.303E-03         -9.41195         -121.651E-03  
              243.325E-03         -9.39725         -121.662E-03  
              243.347E-03         -9.38818         -121.673E-03  
              243.369E-03         -9.38211         -121.684E-03  
              243.391E-03         -9.37763         -121.695E-03  
              243.413E-03         -9.37405         -121.706E-03  
              243.435E-03         -9.37114         -121.717E-03  
              243.468E-03         -9.36855         -121.734E-03  
              243.501E-03         -9.36654         -121.75E-03   
              243.534E-03         -9.36494         -121.767E-03  
              243.584E-03         -9.36374         -121.792E-03  
              243.633E-03         -9.36291         -121.817E-03  
              243.683E-03         -9.3624          -121.841E-03  
              243.732E-03         -9.36215         -121.866E-03  
              243.782E-03         -9.3621          -121.891E-03  
              243.831E-03         -9.36224         -121.916E-03  
              243.881E-03         -9.3625          -121.941E-03  
              243.931E-03         -9.36283         -121.965E-03  
              243.98E-03          -9.36319         -121.99E-03   
              244.055E-03         -9.36418         -122.027E-03  
              244.129E-03         -9.36518         -122.064E-03  
              244.203E-03         -9.36621         -122.102E-03  
              244.315E-03         -9.36821         -122.157E-03  
              244.482E-03         -9.37179         -122.241E-03  
              244.65E-03          -9.37538         -122.325E-03  
              244.817E-03         -9.37897         -122.408E-03  
              245.152E-03         -9.38688         -122.576E-03  
              245.403E-03         -9.39206         -122.701E-03  
              245.654E-03         -9.39724         -122.827E-03  
              245.905E-03         -9.40256         -122.952E-03  
              246.156E-03         -9.40802         -123.078E-03  
              246.532E-03         -9.41728         -123.266E-03  
              246.909E-03         -9.42642         -123.454E-03  
              247.285E-03         -9.43507         -123.643E-03  
              247.662E-03         -9.44374         -123.831E-03  
              248.038E-03         -9.45259         -124.019E-03  
              248.415E-03         -9.46163         -124.207E-03  
              248.979E-03         -9.47562         -124.49E-03   
              249.544E-03         -9.48973         -124.772E-03  
              250.109E-03         -9.50405         -125.054E-03  
              250.956E-03         -9.52624         -125.478E-03  
              251.803E-03         -9.54874         -125.902E-03  
              252.65E-03          -9.57119         -126.325E-03  
              253.497E-03         -9.59344         -126.749E-03  
              254.345E-03         -9.61611         -127.172E-03  
              255.192E-03         -9.63855         -127.596E-03  
              256.039E-03         -9.66111         -128.019E-03  
              256.886E-03         -9.68395         -128.443E-03  
              258.157E-03         -9.71917         -129.078E-03  
              260.063E-03         -9.77267         -130.031E-03  
              262.922E-03         -9.85207         -131.461E-03  
              265.781E-03         -9.92585         -132.89E-03   
              268.64E-03          -9.97892         -134.32E-03   
              268.997E-03         -9.97329         -134.499E-03  
              269.355E-03         -9.96565         -134.677E-03  
              269.712E-03         -9.954           -134.856E-03  
              270.248E-03         -9.93101         -135.124E-03  
              270.382E-03         -9.91052         -135.191E-03  
              270.516E-03         -9.88414         -135.258E-03  
              270.65E-03          -9.84856         -135.325E-03  
              270.784E-03         -9.79774         -135.392E-03  
              270.918E-03         -9.72138         -135.459E-03  
              271.052E-03         -9.61971         -135.526E-03  
              271.186E-03         -9.50255         -135.593E-03  
              271.32E-03          -9.3787          -135.66E-03   
              271.454E-03         -9.25295         -135.727E-03  
              271.588E-03         -9.12683         -135.794E-03  
              271.723E-03         -8.99993         -135.861E-03  
              271.756E-03         -8.93502         -135.878E-03  
              271.789E-03         -8.87129         -135.895E-03  
              271.823E-03         -8.80712         -135.912E-03  
              271.857E-03         -8.74337         -135.928E-03  
              271.907E-03         -8.66603         -135.953E-03  
              271.957E-03         -8.58801         -135.979E-03  
              272.007E-03         -8.51058         -136.004E-03  
              272.058E-03         -8.43336         -136.029E-03  
              272.108E-03         -8.35571         -136.054E-03  
              272.158E-03         -8.27866         -136.079E-03  
              272.208E-03         -8.20119         -136.104E-03  
              272.259E-03         -8.12173         -136.129E-03  
              272.271E-03         -8.08119         -136.136E-03  
              272.284E-03         -8.04189         -136.142E-03  
              272.296E-03         -8.00397         -136.148E-03  
              272.309E-03         -7.96636         -136.154E-03  
              272.321E-03         -7.92855         -136.161E-03  
              272.34E-03          -7.88178         -136.17E-03   
              272.369E-03         -7.82526         -136.184E-03  
              272.397E-03         -7.76954         -136.198E-03  
              272.425E-03         -7.71383         -136.213E-03  
              272.467E-03         -7.64192         -136.234E-03  
              272.51E-03          -7.56204         -136.255E-03  
              272.52E-03          -7.52736         -136.26E-03   
              272.531E-03         -7.4967          -136.266E-03  
              272.542E-03         -7.46671         -136.271E-03  
              272.552E-03         -7.43699         -136.276E-03  
              272.568E-03         -7.40089         -136.284E-03  
              272.592E-03         -7.35731         -136.296E-03  
              272.628E-03         -7.30542         -136.314E-03  
              272.681E-03         -7.24432         -136.341E-03  
              272.735E-03         -7.1839          -136.368E-03  
              272.789E-03         -7.12431         -136.394E-03  
              272.842E-03         -7.06661         -136.421E-03  
              272.896E-03         -7.01058         -136.448E-03  
              272.95E-03          -6.95544         -136.475E-03  
              273.03E-03          -6.89006         -136.515E-03  
              273.111E-03         -6.82745         -136.555E-03  
              273.191E-03         -6.76641         -136.596E-03  
              273.312E-03         -6.69473         -136.656E-03  
              273.433E-03         -6.62657         -136.716E-03  
              273.554E-03         -6.56069         -136.777E-03  
              273.674E-03         -6.49749         -136.837E-03  
              273.795E-03         -6.43768         -136.898E-03  
              273.976E-03         -6.36851         -136.988E-03  
              274.157E-03         -6.30328         -137.079E-03  
              274.338E-03         -6.24185         -137.169E-03  
              274.52E-03          -6.18371         -137.26E-03   
              274.701E-03         -6.13001         -137.35E-03   
              274.882E-03         -6.07938         -137.441E-03  
              275.063E-03         -6.03205         -137.532E-03  
              275.244E-03         -5.98835         -137.622E-03  
              275.425E-03         -5.9476          -137.713E-03  
              275.606E-03         -5.90955         -137.803E-03  
              275.788E-03         -5.87492         -137.894E-03  
              275.969E-03         -5.84298         -137.984E-03  
              276.15E-03          -5.81375         -138.075E-03  
              276.331E-03         -5.78717         -138.165E-03  
              276.603E-03         -5.75876         -138.301E-03  
              276.874E-03         -5.73368         -138.437E-03  
              277.146E-03         -5.71181         -138.573E-03  
              277.248E-03         -5.69819         -138.624E-03  
              277.35E-03          -5.68581         -138.675E-03  
              277.375E-03         -5.67909         -138.688E-03  
              277.413E-03         -5.67143         -138.707E-03  
              277.471E-03         -5.65671         -138.735E-03  
              277.528E-03         -5.63435         -138.764E-03  
              277.585E-03         -5.61067         -138.793E-03  
              277.643E-03         -5.58994         -138.821E-03  
              277.7E-03           -5.57256         -138.85E-03   
              277.757E-03         -5.54193         -138.879E-03  
              277.772E-03         -5.52162         -138.886E-03  
              277.786E-03         -5.50444         -138.893E-03  
              277.8E-03           -5.49052         -138.9E-03    
              277.815E-03         -5.47871         -138.907E-03  
              277.829E-03         -5.46804         -138.914E-03  
              277.843E-03         -5.458           -138.922E-03  
              277.858E-03         -5.44858         -138.929E-03  
              277.872E-03         -5.43964         -138.936E-03  
              277.886E-03         -5.43123         -138.943E-03  
              277.901E-03         -5.42325         -138.95E-03   
              277.915E-03         -5.41574         -138.957E-03  
              277.929E-03         -5.4086          -138.965E-03  
              277.944E-03         -5.40185         -138.972E-03  
              277.958E-03         -5.39553         -138.979E-03  
              277.972E-03         -5.38951         -138.986E-03  
              277.994E-03         -5.38261         -138.997E-03  
              278.015E-03         -5.37574         -139.008E-03  
              278.037E-03         -5.36816         -139.018E-03  
              278.069E-03         -5.35719         -139.034E-03  
              278.101E-03         -5.34738         -139.051E-03  
              278.133E-03         -5.33898         -139.067E-03  
              278.166E-03         -5.33126         -139.083E-03  
              278.198E-03         -5.32389         -139.099E-03  
              278.23E-03          -5.31683         -139.115E-03  
              278.279E-03         -5.30915         -139.139E-03  
              278.327E-03         -5.30254         -139.163E-03  
              278.375E-03         -5.29641         -139.188E-03  
              278.448E-03         -5.28923         -139.224E-03  
              278.52E-03          -5.28178         -139.26E-03   
              278.593E-03         -5.27423         -139.296E-03  
              278.665E-03         -5.26713         -139.333E-03  
              278.738E-03         -5.26102         -139.369E-03  
              278.81E-03          -5.25581         -139.405E-03  
              278.883E-03         -5.25161         -139.441E-03  
              278.955E-03         -5.24818         -139.478E-03  
              279.028E-03         -5.24555         -139.514E-03  
              279.137E-03         -5.2436          -139.568E-03  
              279.246E-03         -5.24243         -139.623E-03  
              279.354E-03         -5.24193         -139.677E-03  
              279.463E-03         -5.24203         -139.732E-03  
              279.572E-03         -5.24259         -139.786E-03  
              279.681E-03         -5.24342         -139.84E-03   
              279.79E-03          -5.24433         -139.895E-03  
              279.898E-03         -5.24525         -139.949E-03  
              280.116E-03         -5.24714         -140.058E-03  
              280.551E-03         -5.25102         -140.276E-03  




