
%                             RF:RF2 PI: PART-1  U:U2 PI: PART-1-1
%                  X              -1 N: 1779           N: 1779    

                0.                -0.                 0.         
               10.E-06            -2.79112E-03       -5.E-06     
               20.E-06            -5.58223E-03      -10.E-06     
               30.E-06            -8.37335E-03      -15.E-06     
               50.E-06           -13.9556E-03       -25.E-06     
               90.E-06           -25.12E-03         -45.E-06     
              170.E-06           -47.449E-03        -85.E-06     
              330.E-06           -92.1068E-03      -165.E-06     
              650.E-06          -181.422E-03       -325.E-06     
                1.29E-03        -360.052E-03       -645.E-06     
                2.57E-03        -717.305E-03         -1.285E-03  
                5.13E-03          -1.43175           -2.565E-03  
               10.25E-03          -2.86018           -5.125E-03  
               17.93E-03          -5.00065           -8.965E-03  
               29.45E-03          -8.20286          -14.725E-03  
               46.73E-03         -12.9747           -23.365E-03  
               64.01E-03         -17.6886           -32.005E-03  
               81.29E-03         -22.3186           -40.645E-03  
               98.57E-03         -26.8301           -49.285E-03  
              115.85E-03         -31.1497           -57.925E-03  
              120.17E-03         -32.1288           -60.085E-03  
              124.49E-03         -32.9181           -62.245E-03  
              124.76E-03         -32.8606           -62.38E-03   
              124.963E-03        -32.7518           -62.4813E-03 
              125.165E-03        -32.6077           -62.5825E-03 
              125.368E-03        -32.4664           -62.6838E-03 
              125.57E-03         -32.3236           -62.785E-03  
              125.773E-03        -32.1726           -62.8863E-03 
              125.975E-03        -32.0113           -62.9875E-03 
              126.178E-03        -31.8385           -63.0888E-03 
              126.38E-03         -31.6534           -63.19E-03   
              126.583E-03        -31.4558           -63.2913E-03 
              126.785E-03        -31.2457           -63.3925E-03 
              126.988E-03        -31.0223           -63.4938E-03 
              127.19E-03         -30.7856           -63.595E-03  
              127.393E-03        -30.5358           -63.6963E-03 
              127.595E-03        -30.2731           -63.7975E-03 
              127.798E-03        -29.9978           -63.8988E-03 
              128.E-03           -29.7096           -64.E-03     
              128.202E-03        -29.409            -64.1012E-03 
              128.405E-03        -29.0962           -64.2025E-03 
              128.607E-03        -28.7715           -64.3037E-03 
              128.81E-03         -28.4352           -64.405E-03  
              129.012E-03        -28.0878           -64.5062E-03 
              129.215E-03        -27.7296           -64.6075E-03 
              129.417E-03        -27.361            -64.7087E-03 
              129.62E-03         -26.9824           -64.81E-03   
              129.822E-03        -26.5944           -64.9112E-03 
              129.924E-03        -26.3085           -64.9619E-03 
              130.025E-03        -26.023            -65.0125E-03 
              130.05E-03         -25.8741           -65.0252E-03 
              130.076E-03        -25.7266           -65.0378E-03 
              130.101E-03        -25.5805           -65.0505E-03 
              130.126E-03        -25.433            -65.0631E-03 
              130.152E-03        -25.2851           -65.0758E-03 
              130.158E-03        -25.2104           -65.0789E-03 
              130.167E-03        -25.1201           -65.0837E-03 
              130.177E-03        -25.0293           -65.0884E-03 
              130.186E-03        -24.9377           -65.0932E-03 
              130.196E-03        -24.8458           -65.0979E-03 
              130.21E-03         -24.7346           -65.105E-03  
              130.214E-03        -24.6787           -65.1068E-03 
              130.217E-03        -24.6229           -65.1086E-03 
              130.223E-03        -24.5547           -65.1113E-03 
              130.228E-03        -24.486            -65.1139E-03 
              130.233E-03        -24.4168           -65.1166E-03 
              130.241E-03        -24.3321           -65.1206E-03 
              130.253E-03        -24.2295           -65.1266E-03 
              130.258E-03        -24.1667           -65.1289E-03 
              130.265E-03        -24.0901           -65.1323E-03 
              130.271E-03        -24.0132           -65.1356E-03 
              130.278E-03        -23.9356           -65.139E-03  
              130.288E-03        -23.8401           -65.1441E-03 
              130.303E-03        -23.7243           -65.1517E-03 
              130.326E-03        -23.5845           -65.1631E-03 
              130.349E-03        -23.4435           -65.1745E-03 
              130.372E-03        -23.3007           -65.1859E-03 
              130.395E-03        -23.1585           -65.1973E-03 
              130.429E-03        -22.9863           -65.2144E-03 
              130.463E-03        -22.8112           -65.2315E-03 
              130.497E-03        -22.6364           -65.2486E-03 
              130.506E-03        -22.5479           -65.2529E-03 
              130.519E-03        -22.4399           -65.2593E-03 
              130.531E-03        -22.331            -65.2657E-03 
              130.544E-03        -22.2219           -65.2721E-03 
              130.564E-03        -22.0904           -65.2818E-03 
              130.568E-03        -22.0239           -65.2842E-03 
              130.573E-03        -21.9575           -65.2866E-03 
              130.578E-03        -21.8907           -65.289E-03  
              130.583E-03        -21.8236           -65.2914E-03 
              130.59E-03         -21.7414           -65.295E-03  
              130.601E-03        -21.642            -65.3004E-03 
              130.605E-03        -21.5811           -65.3024E-03 
              130.611E-03        -21.5071           -65.3055E-03 
              130.617E-03        -21.4329           -65.3085E-03 
              130.623E-03        -21.3582           -65.3116E-03 
              130.629E-03        -21.283            -65.3146E-03 
              130.638E-03        -21.1911           -65.3192E-03 
              130.652E-03        -21.0801           -65.326E-03  
              130.666E-03        -20.9698           -65.3329E-03 
              130.679E-03        -20.8588           -65.3397E-03 
              130.693E-03        -20.7468           -65.3466E-03 
              130.707E-03        -20.6345           -65.3534E-03 
              130.727E-03        -20.4991           -65.3637E-03 
              130.733E-03        -20.4307           -65.3663E-03 
              130.738E-03        -20.3623           -65.3688E-03 
              130.743E-03        -20.2934           -65.3714E-03 
              130.748E-03        -20.2243           -65.374E-03  
              130.756E-03        -20.1395           -65.3778E-03 
              130.767E-03        -20.0371           -65.3836E-03 
              130.772E-03        -19.9744           -65.3858E-03 
              130.778E-03        -19.8981           -65.389E-03  
              130.785E-03        -19.8215           -65.3923E-03 
              130.791E-03        -19.7444           -65.3955E-03 
              130.798E-03        -19.6669           -65.3988E-03 
              130.807E-03        -19.5722           -65.4037E-03 
              130.817E-03        -19.4785           -65.4085E-03 
              130.827E-03        -19.3854           -65.4134E-03 
              130.837E-03        -19.292            -65.4183E-03 
              130.839E-03        -19.2446           -65.4195E-03 
              130.841E-03        -19.1971           -65.4207E-03 
              130.845E-03        -19.1388           -65.4225E-03 
              130.851E-03        -19.0676           -65.4253E-03 
              130.859E-03        -18.9812           -65.4294E-03 
              130.862E-03        -18.9284           -65.431E-03  
              130.867E-03        -18.8642           -65.4333E-03 
              130.871E-03        -18.7999           -65.4356E-03 
              130.872E-03        -18.7674           -65.4362E-03 
              130.874E-03        -18.7276           -65.437E-03  
              130.877E-03        -18.6788           -65.4383E-03 
              130.881E-03        -18.6187           -65.4403E-03 
              130.886E-03        -18.5453           -65.4432E-03 
              130.895E-03        -18.4563           -65.4476E-03 
              130.908E-03        -18.3486           -65.4542E-03 
              130.912E-03        -18.2942           -65.4558E-03 
              130.915E-03        -18.2397           -65.4575E-03 
              130.918E-03        -18.185            -65.4591E-03 
              130.922E-03        -18.13             -65.4608E-03 
              130.927E-03        -18.0624           -65.4633E-03 
              130.934E-03        -17.98             -65.467E-03  
              130.937E-03        -17.9296           -65.4684E-03 
              130.941E-03        -17.8683           -65.4704E-03 
              130.945E-03        -17.8074           -65.4725E-03 
              130.949E-03        -17.7464           -65.4746E-03 
              130.953E-03        -17.6851           -65.4767E-03 
              130.958E-03        -17.6235           -65.4788E-03 
              130.962E-03        -17.5615           -65.4809E-03 
              130.968E-03        -17.4854           -65.484E-03  
              130.977E-03        -17.3931           -65.4887E-03 
              130.991E-03        -17.2815           -65.4957E-03 
              131.006E-03        -17.1695           -65.5028E-03 
              131.009E-03        -17.1125           -65.5045E-03 
              131.013E-03        -17.0553           -65.5063E-03 
              131.016E-03        -16.9978           -65.508E-03  
              131.021E-03        -16.9274           -65.5107E-03 
              131.029E-03        -16.842            -65.5146E-03 
              131.041E-03        -16.7385           -65.5206E-03 
              131.044E-03        -16.6863           -65.5221E-03 
              131.047E-03        -16.6339           -65.5235E-03 
              131.052E-03        -16.5694           -65.5258E-03 
              131.056E-03        -16.5045           -65.528E-03  
              131.06E-03         -16.4393           -65.5302E-03 
              131.067E-03        -16.3595           -65.5336E-03 
              131.07E-03         -16.3108           -65.5348E-03 
              131.073E-03        -16.2514           -65.5367E-03 
              131.077E-03        -16.1923           -65.5386E-03 
              131.081E-03        -16.133            -65.5405E-03 
              131.082E-03        -16.0964           -65.5412E-03 
              131.084E-03        -16.0514           -65.5422E-03 
              131.088E-03        -15.996            -65.5438E-03 
              131.092E-03        -15.9278           -65.5462E-03 
              131.099E-03        -15.8442           -65.5497E-03 
              131.11E-03         -15.7429           -65.5551E-03 
              131.121E-03        -15.6419           -65.5605E-03 
              131.124E-03        -15.5908           -65.5618E-03 
              131.126E-03        -15.5395           -65.5631E-03 
              131.129E-03        -15.4879           -65.5645E-03 
              131.133E-03        -15.4243           -65.5665E-03 
              131.139E-03        -15.346            -65.5695E-03 
              131.148E-03        -15.2506           -65.574E-03  
              131.151E-03        -15.1921           -65.5757E-03 
              131.156E-03        -15.1209           -65.5782E-03 
              131.162E-03        -15.0495           -65.5808E-03 
              131.167E-03        -14.9775           -65.5833E-03 
              131.172E-03        -14.9049           -65.5858E-03 
              131.177E-03        -14.8315           -65.5884E-03 
              131.182E-03        -14.7577           -65.5909E-03 
              131.189E-03        -14.6674           -65.5947E-03 
              131.201E-03        -14.5576           -65.6004E-03 
              131.212E-03        -14.4468           -65.6062E-03 
              131.224E-03        -14.3341           -65.6119E-03 
              131.235E-03        -14.2195           -65.6176E-03 
              131.247E-03        -14.1041           -65.6233E-03 
              131.264E-03        -13.963            -65.6319E-03 
              131.268E-03        -13.8914           -65.634E-03  
              131.272E-03        -13.8192           -65.6362E-03 
              131.279E-03        -13.7295           -65.6394E-03 
              131.281E-03        -13.6741           -65.6406E-03 
              131.284E-03        -13.6182           -65.6418E-03 
              131.286E-03        -13.5622           -65.643E-03  
              131.29E-03         -13.4938           -65.6448E-03 
              131.293E-03        -13.4254           -65.6466E-03 
              131.297E-03        -13.3568           -65.6484E-03 
              131.3E-03          -13.2876           -65.6502E-03 
              131.304E-03        -13.2175           -65.652E-03  
              131.308E-03        -13.1463           -65.6538E-03 
              131.313E-03        -13.0576           -65.6565E-03 
              131.321E-03        -12.9482           -65.6606E-03 
              131.333E-03        -12.8137           -65.6667E-03 
              131.346E-03        -12.6773           -65.6728E-03 
              131.358E-03        -12.5373           -65.6789E-03 
              131.361E-03        -12.4655           -65.6804E-03 
              131.364E-03        -12.3931           -65.682E-03  
              131.368E-03        -12.3039           -65.6842E-03 
              131.375E-03        -12.1948           -65.6877E-03 
              131.377E-03        -12.1398           -65.6885E-03 
              131.379E-03        -12.0845           -65.6894E-03 
              131.381E-03        -12.0289           -65.6903E-03 
              131.383E-03        -11.9597           -65.6915E-03 
              131.387E-03        -11.874            -65.6935E-03 
              131.393E-03        -11.7684           -65.6964E-03 
              131.401E-03        -11.6396           -65.7007E-03 
              131.41E-03         -11.5107           -65.7051E-03 
              131.412E-03        -11.4457           -65.7061E-03 
              131.414E-03        -11.3807           -65.7072E-03 
              131.418E-03        -11.3016           -65.7089E-03 
              131.419E-03        -11.2541           -65.7095E-03 
              131.421E-03        -11.1974           -65.7104E-03 
              131.423E-03        -11.1426           -65.7113E-03 
              131.424E-03        -11.0897           -65.7122E-03 
              131.425E-03        -11.0581           -65.7126E-03 
              131.426E-03        -11.0204           -65.7131E-03 
              131.428E-03        -10.9762           -65.7139E-03 
              131.43E-03         -10.9249           -65.715E-03  
              131.432E-03        -10.8761           -65.7162E-03 
              131.433E-03        -10.8524           -65.7165E-03 
              131.434E-03        -10.829            -65.7168E-03 
              131.434E-03        -10.8061           -65.717E-03  
              131.435E-03        -10.7783           -65.7175E-03 
              131.436E-03        -10.7448           -65.7181E-03 
              131.438E-03        -10.7046           -65.7191E-03 
              131.441E-03        -10.6565           -65.7206E-03 
              131.446E-03        -10.5999           -65.7228E-03 
              131.45E-03         -10.5454           -65.725E-03  
              131.454E-03        -10.4924           -65.7272E-03 
              131.459E-03        -10.4403           -65.7294E-03 
              131.463E-03        -10.3892           -65.7316E-03 
              131.47E-03         -10.3279           -65.7349E-03 
              131.48E-03         -10.2552           -65.7398E-03 
              131.495E-03        -10.171            -65.7473E-03 
              131.509E-03        -10.092            -65.7547E-03 
              131.524E-03        -10.0178           -65.7621E-03 
              131.539E-03         -9.94702          -65.7696E-03 
              131.554E-03         -9.87924          -65.777E-03  
              131.569E-03         -9.81368          -65.7844E-03 
              131.584E-03         -9.75016          -65.7919E-03 
              131.599E-03         -9.68849          -65.7993E-03 
              131.613E-03         -9.62873          -65.8067E-03 
              131.628E-03         -9.57131          -65.8141E-03 
              131.643E-03         -9.51672          -65.8216E-03 
              131.665E-03         -9.45391          -65.8327E-03 
              131.699E-03         -9.3826           -65.8494E-03 
              131.749E-03         -9.30272          -65.8745E-03 
              131.799E-03         -9.22892          -65.8996E-03 
              131.849E-03         -9.16028          -65.9247E-03 
              131.899E-03         -9.09644          -65.9497E-03 
              131.95E-03          -9.03686          -65.9748E-03 
              132.025E-03         -8.97036          -66.0124E-03 
              132.1E-03           -8.90856          -66.05E-03   
              132.175E-03         -8.85082          -66.0877E-03 
              132.251E-03         -8.7967           -66.1253E-03 
              132.326E-03         -8.74661          -66.1629E-03 
              132.439E-03         -8.69294          -66.2193E-03 
              132.551E-03         -8.64565          -66.2757E-03 
              132.664E-03         -8.60337          -66.3322E-03 
              132.777E-03         -8.56523          -66.3886E-03 
              132.946E-03         -8.52534          -66.4732E-03 
              133.116E-03         -8.48906          -66.5578E-03 
              133.285E-03         -8.45608          -66.6425E-03 
              133.454E-03         -8.42586          -66.7271E-03 
              133.623E-03         -8.39793          -66.8117E-03 
              133.877E-03         -8.36956          -66.9387E-03 
              134.131E-03         -8.34364          -67.0656E-03 
              134.385E-03         -8.31987          -67.1926E-03 
              134.639E-03         -8.29809          -67.3195E-03 
              134.893E-03         -8.27795          -67.4465E-03 
              135.147E-03         -8.2594           -67.5734E-03 
              135.528E-03         -8.24259          -67.7638E-03 
              135.909E-03         -8.22726          -67.9543E-03 
              136.289E-03         -8.21343          -68.1447E-03 
              136.67E-03          -8.20075          -68.3351E-03 
              137.051E-03         -8.18922          -68.5255E-03 
              137.432E-03         -8.17885          -68.716E-03  
              137.813E-03         -8.16924          -68.9064E-03 
              138.194E-03         -8.16051          -69.0968E-03 
              138.574E-03         -8.15274          -69.2872E-03 
              139.146E-03         -8.14976          -69.5729E-03 
              139.717E-03         -8.14761          -69.8585E-03 
              140.288E-03         -8.14622          -70.1441E-03 
              140.86E-03          -8.1452           -70.4298E-03 
              141.431E-03         -8.14507          -70.7154E-03 
              142.002E-03         -8.1455           -71.001E-03  
              142.573E-03         -8.14621          -71.2867E-03 
              143.145E-03         -8.14777          -71.5723E-03 
              143.716E-03         -8.14972          -71.8579E-03 
              144.287E-03         -8.15184          -72.1436E-03 
              144.858E-03         -8.15471          -72.4292E-03 
              145.43E-03          -8.15793          -72.7149E-03 
              146.001E-03         -8.16117          -73.0005E-03 
              146.572E-03         -8.16508          -73.2861E-03 
              147.144E-03         -8.16935          -73.5718E-03 
              147.715E-03         -8.17359          -73.8574E-03 
              148.286E-03         -8.17833          -74.143E-03  
              148.857E-03         -8.18349          -74.4287E-03 
              149.429E-03         -8.18863          -74.7143E-03 
              150.E-03            -8.19401          -74.9999E-03 
              150.571E-03         -8.19991          -75.2856E-03 
              151.428E-03         -8.21522          -75.714E-03  
              152.285E-03         -8.23052          -76.1425E-03 
              153.142E-03         -8.24615          -76.5709E-03 
              153.999E-03         -8.26157          -76.9994E-03 
              154.856E-03         -8.27728          -77.4278E-03 
              155.713E-03         -8.29316          -77.8563E-03 
              156.355E-03         -8.30177          -78.1776E-03 
              156.998E-03         -8.31076          -78.499E-03  
              157.641E-03         -8.3201           -78.8203E-03 
              158.283E-03         -8.32939          -79.1416E-03 
              158.926E-03         -8.33882          -79.463E-03  
              159.569E-03         -8.34863          -79.7843E-03 
              159.89E-03          -8.34892          -79.945E-03  
              159.97E-03          -8.34497          -79.9852E-03 
              159.985E-03         -8.34226          -79.9927E-03 
              159.989E-03         -8.34071          -79.9946E-03 
              159.993E-03         -8.33918          -79.9965E-03 
              159.997E-03         -8.33764          -79.9983E-03 
              160.002E-03         -8.33582          -80.0012E-03 
              160.011E-03         -8.33366          -80.0054E-03 
              160.023E-03         -8.33111          -80.0117E-03 
              160.028E-03         -8.32935          -80.0141E-03 
              160.033E-03         -8.32767          -80.0165E-03 
              160.038E-03         -8.32603          -80.0189E-03 
              160.043E-03         -8.32441          -80.0213E-03 
              160.047E-03         -8.32279          -80.0237E-03 
              160.052E-03         -8.32119          -80.026E-03  
              160.059E-03         -8.31931          -80.0296E-03 
              160.07E-03          -8.31715          -80.035E-03  
              160.086E-03         -8.31468          -80.043E-03  
              160.11E-03          -8.31191          -80.0551E-03 
              160.146E-03         -8.30889          -80.0732E-03 
              160.201E-03         -8.30573          -80.1003E-03 
              160.282E-03         -8.30262          -80.141E-03  
              160.404E-03         -8.29996          -80.2021E-03 
              160.587E-03         -8.29843          -80.2937E-03 
              160.862E-03         -8.29915          -80.4311E-03 
              161.275E-03         -8.30395          -80.6373E-03 
              161.893E-03         -8.31554          -80.9464E-03 
              162.511E-03         -8.3269           -81.2556E-03 
              163.13E-03          -8.33815          -81.5648E-03 
              164.057E-03         -8.36035          -82.0286E-03 
              164.985E-03         -8.38215          -82.4924E-03 
              165.912E-03         -8.40365          -82.9561E-03 
              166.84E-03          -8.42526          -83.4199E-03 
              167.767E-03         -8.44672          -83.8837E-03 
              168.695E-03         -8.46802          -84.3475E-03 
              169.622E-03         -8.48944          -84.8112E-03 
              170.55E-03          -8.51076          -85.275E-03  
              171.478E-03         -8.53194          -85.7388E-03 
              172.405E-03         -8.55322          -86.2026E-03 
              173.333E-03         -8.5744           -86.6663E-03 
              174.26E-03          -8.59546          -87.1301E-03 
              175.188E-03         -8.6166           -87.5939E-03 
              176.115E-03         -8.63764          -88.0576E-03 
              177.043E-03         -8.65857          -88.5214E-03 
              177.97E-03          -8.67957          -88.9852E-03 
              178.898E-03         -8.70049          -89.449E-03  
              179.825E-03         -8.72132          -89.9127E-03 
              180.753E-03         -8.74217          -90.3765E-03 
              181.681E-03         -8.76294          -90.8403E-03 
              182.608E-03         -8.78363          -91.3041E-03 
              183.536E-03         -8.80435          -91.7678E-03 
              184.463E-03         -8.82499          -92.2316E-03 
              185.391E-03         -8.84557          -92.6954E-03 
              186.318E-03         -8.86615          -93.1592E-03 
              187.246E-03         -8.88667          -93.6229E-03 
              188.173E-03         -8.90712          -94.0867E-03 
              189.101E-03         -8.92757          -94.5505E-03 
              190.029E-03         -8.94796          -95.0143E-03 
              190.956E-03         -8.96828          -95.478E-03  
              191.884E-03         -8.98858          -95.9418E-03 
              192.811E-03         -9.00885          -96.4056E-03 
              193.739E-03         -9.02906          -96.8694E-03 
              194.666E-03         -9.04926          -97.3331E-03 
              195.594E-03         -9.06944          -97.7969E-03 
              196.521E-03         -9.08955          -98.2607E-03 
              197.449E-03         -9.10963          -98.7244E-03 
              198.376E-03         -9.12968          -99.1882E-03 
              199.304E-03         -9.14966          -99.652E-03  
              200.232E-03         -9.16961         -100.116E-03  
              201.159E-03         -9.18953         -100.58E-03   
              202.087E-03         -9.20937         -101.043E-03  
              203.014E-03         -9.22917         -101.507E-03  
              203.942E-03         -9.24895         -101.971E-03  
              204.869E-03         -9.26868         -102.435E-03  
              205.797E-03         -9.28835         -102.898E-03  
              206.724E-03         -9.30799         -103.362E-03  
              207.652E-03         -9.3276          -103.826E-03  
              208.579E-03         -9.34714         -104.29E-03   
              209.507E-03         -9.36665         -104.754E-03  
              210.435E-03         -9.38614         -105.217E-03  
              211.362E-03         -9.40555         -105.681E-03  
              212.29E-03          -9.42494         -106.145E-03  
              213.217E-03         -9.4443          -106.609E-03  
              214.145E-03         -9.46356         -107.072E-03  
              215.072E-03         -9.48276         -107.536E-03  
              216.E-03            -9.50193         -108.E-03     
              216.927E-03         -9.52101         -108.464E-03  
              217.855E-03         -9.54003         -108.927E-03  
              218.783E-03         -9.55903         -109.391E-03  
              219.71E-03          -9.57797         -109.855E-03  
              220.638E-03         -9.59685         -110.319E-03  
              221.565E-03         -9.6157          -110.783E-03  
              222.493E-03         -9.63449         -111.246E-03  
              223.42E-03          -9.65317         -111.71E-03   
              224.348E-03         -9.67184         -112.174E-03  
              225.275E-03         -9.69048         -112.638E-03  
              226.203E-03         -9.70904         -113.101E-03  
              227.13E-03          -9.72754         -113.565E-03  
              228.058E-03         -9.74598         -114.029E-03  
              228.986E-03         -9.76431         -114.493E-03  
              229.913E-03         -9.78257         -114.957E-03  
              230.841E-03         -9.8008          -115.42E-03   
              231.768E-03         -9.81892         -115.884E-03  
              232.696E-03         -9.83696         -116.348E-03  
              233.623E-03         -9.85497         -116.812E-03  
              234.551E-03         -9.87289         -117.275E-03  
              235.478E-03         -9.89071         -117.739E-03  
              236.406E-03         -9.90852         -118.203E-03  
              237.333E-03         -9.92623         -118.667E-03  
              238.261E-03         -9.94382         -119.131E-03  
              239.189E-03         -9.96138         -119.594E-03  
              240.116E-03         -9.97884         -120.058E-03  
              241.044E-03         -9.99616         -120.522E-03  
              241.971E-03        -10.0134          -120.986E-03  
              242.899E-03        -10.0307          -121.449E-03  
              243.826E-03        -10.0478          -121.913E-03  
              244.754E-03        -10.0648          -122.377E-03  
              245.681E-03        -10.0818          -122.841E-03  
              246.609E-03        -10.0986          -123.304E-03  
              247.536E-03        -10.1154          -123.768E-03  
              248.464E-03        -10.1321          -124.232E-03  
              249.392E-03        -10.1486          -124.696E-03  
              250.319E-03        -10.1651          -125.16E-03   
              251.247E-03        -10.1815          -125.623E-03  
              252.174E-03        -10.1978          -126.087E-03  
              253.102E-03        -10.2139          -126.551E-03  
              254.029E-03        -10.23            -127.015E-03  
              254.957E-03        -10.2459          -127.478E-03  
              255.884E-03        -10.2617          -127.942E-03  
              256.812E-03        -10.2773          -128.406E-03  
              257.74E-03         -10.2929          -128.87E-03   
              258.667E-03        -10.3083          -129.334E-03  
              259.595E-03        -10.3234          -129.797E-03  
              260.522E-03        -10.3385          -130.261E-03  
              261.45E-03         -10.3533          -130.725E-03  
              262.377E-03        -10.3678          -131.189E-03  
              263.305E-03        -10.382           -131.652E-03  
              264.232E-03        -10.3958          -132.116E-03  
              265.16E-03         -10.4092          -132.58E-03   
              266.087E-03        -10.422           -133.044E-03  
              267.479E-03        -10.4427          -133.739E-03  
              268.87E-03         -10.4593          -134.435E-03  
              270.261E-03        -10.4694          -135.131E-03  
              271.653E-03        -10.4657          -135.826E-03  
              273.044E-03        -10.4268          -136.522E-03  
              273.392E-03        -10.3725          -136.696E-03  
              273.74E-03         -10.2655          -136.87E-03   
              274.088E-03        -10.0618          -137.044E-03  
              274.174E-03         -9.94292         -137.087E-03  
              274.261E-03         -9.81841         -137.131E-03  
              274.348E-03         -9.68734         -137.174E-03  
              274.435E-03         -9.54989         -137.218E-03  
              274.522E-03         -9.40587         -137.261E-03  
              274.609E-03         -9.25654         -137.305E-03  
              274.696E-03         -9.10207         -137.348E-03  
              274.783E-03         -8.94295         -137.392E-03  
              274.805E-03         -8.86171         -137.402E-03  
              274.827E-03         -8.78001         -137.413E-03  
              274.848E-03         -8.69752         -137.424E-03  
              274.87E-03          -8.61524         -137.435E-03  
              274.892E-03         -8.53236         -137.446E-03  
              274.914E-03         -8.44793         -137.457E-03  
              274.935E-03         -8.36279         -137.468E-03  
              274.957E-03         -8.27812         -137.479E-03  
              274.979E-03         -8.1929          -137.489E-03  
              275.001E-03         -8.10623         -137.5E-03    
              275.022E-03         -8.019           -137.511E-03  
              275.055E-03         -7.91334         -137.527E-03  
              275.088E-03         -7.80691         -137.544E-03  
              275.12E-03          -7.69879         -137.56E-03   
              275.153E-03         -7.59074         -137.576E-03  
              275.185E-03         -7.48333         -137.593E-03  
              275.218E-03         -7.37546         -137.609E-03  
              275.251E-03         -7.26711         -137.625E-03  
              275.283E-03         -7.15861         -137.642E-03  
              275.316E-03         -7.05025         -137.658E-03  
              275.348E-03         -6.94225         -137.674E-03  
              275.381E-03         -6.83477         -137.691E-03  
              275.414E-03         -6.72702         -137.707E-03  
              275.446E-03         -6.62018         -137.723E-03  
              275.479E-03         -6.51514         -137.739E-03  
              275.512E-03         -6.41053         -137.756E-03  
              275.544E-03         -6.30632         -137.772E-03  
              275.577E-03         -6.20382         -137.788E-03  
              275.609E-03         -6.10208         -137.805E-03  
              275.642E-03         -6.              -137.821E-03  
              275.675E-03         -5.89858         -137.837E-03  
              275.707E-03         -5.79915         -137.854E-03  
              275.74E-03          -5.70007         -137.87E-03   
              275.772E-03         -5.60095         -137.886E-03  
              275.805E-03         -5.50287         -137.902E-03  
              275.838E-03         -5.40471         -137.919E-03  
              275.844E-03         -5.3608          -137.922E-03  
              275.85E-03          -5.31364         -137.925E-03  
              275.851E-03         -5.28976         -137.926E-03  
              275.853E-03         -5.26641         -137.926E-03  
              275.854E-03         -5.24342         -137.927E-03  
              275.856E-03         -5.22071         -137.928E-03  
              275.857E-03         -5.19817         -137.929E-03  
              275.859E-03         -5.17582         -137.929E-03  
              275.861E-03         -5.15358         -137.93E-03   
              275.862E-03         -5.13144         -137.931E-03  
              275.864E-03         -5.1043          -137.932E-03  
              275.867E-03         -5.07706         -137.933E-03  
              275.869E-03         -5.04947         -137.934E-03  
              275.871E-03         -5.02153         -137.936E-03  
              275.874E-03         -4.99339         -137.937E-03  
              275.876E-03         -4.96524         -137.938E-03  
              275.878E-03         -4.93716         -137.939E-03  
              275.88E-03          -4.90923         -137.94E-03   
              275.883E-03         -4.88148         -137.941E-03  
              275.885E-03         -4.85396         -137.942E-03  
              275.887E-03         -4.82666         -137.944E-03  
              275.89E-03          -4.79961         -137.945E-03  
              275.892E-03         -4.77283         -137.946E-03  
              275.894E-03         -4.74631         -137.947E-03  
              275.896E-03         -4.72009         -137.948E-03  
              275.899E-03         -4.6941          -137.949E-03  
              275.901E-03         -4.66834         -137.951E-03  
              275.903E-03         -4.64263         -137.952E-03  
              275.906E-03         -4.61699         -137.953E-03  
              275.908E-03         -4.59131         -137.954E-03  
              275.91E-03          -4.56561         -137.955E-03  
              275.913E-03         -4.53982         -137.956E-03  
              275.915E-03         -4.51395         -137.957E-03  
              275.917E-03         -4.48798         -137.959E-03  
              275.919E-03         -4.46188         -137.96E-03   
              275.922E-03         -4.43569         -137.961E-03  
              275.924E-03         -4.40935         -137.962E-03  
              275.926E-03         -4.38284         -137.963E-03  
              275.929E-03         -4.35619         -137.964E-03  
              275.931E-03         -4.32942         -137.965E-03  
              275.933E-03         -4.30253         -137.967E-03  
              275.935E-03         -4.27563         -137.968E-03  
              275.938E-03         -4.24887         -137.969E-03  
              275.94E-03          -4.22224         -137.97E-03   
              275.942E-03         -4.19592         -137.971E-03  
              275.945E-03         -4.16985         -137.972E-03  
              275.947E-03         -4.144           -137.973E-03  
              275.949E-03         -4.11838         -137.975E-03  
              275.951E-03         -4.09288         -137.976E-03  
              275.954E-03         -4.06764         -137.977E-03  
              275.956E-03         -4.04248         -137.978E-03  
              275.958E-03         -4.01757         -137.979E-03  
              275.961E-03         -3.99277         -137.98E-03   
              275.963E-03         -3.96785         -137.981E-03  
              275.965E-03         -3.94312         -137.983E-03  
              275.966E-03         -3.93077         -137.983E-03  
              275.966E-03         -3.91848         -137.983E-03  
              275.967E-03         -3.9065          -137.983E-03  
              275.968E-03         -3.89239         -137.984E-03  
              275.969E-03         -3.87866         -137.984E-03  
              275.97E-03          -3.86501         -137.985E-03  
              275.971E-03         -3.84812         -137.985E-03  
              275.973E-03         -3.82747         -137.986E-03  
              275.976E-03         -3.80268         -137.988E-03  
              275.98E-03          -3.77285         -137.99E-03   
              275.984E-03         -3.74319         -137.992E-03  
              275.989E-03         -3.71404         -137.994E-03  
              275.993E-03         -3.68524         -137.997E-03  
              275.997E-03         -3.65685         -137.999E-03  
              276.004E-03         -3.6233          -138.002E-03  
              276.01E-03          -3.59075         -138.005E-03  
              276.017E-03         -3.55863         -138.008E-03  
              276.019E-03         -3.54262         -138.009E-03  
              276.021E-03         -3.52301         -138.011E-03  
              276.023E-03         -3.50347         -138.012E-03  
              276.026E-03         -3.48403         -138.013E-03  
              276.03E-03          -3.46022         -138.015E-03  
              276.035E-03         -3.43191         -138.018E-03  
              276.043E-03         -3.39773         -138.022E-03  
              276.047E-03         -3.37724         -138.023E-03  
              276.051E-03         -3.35217         -138.026E-03  
              276.056E-03         -3.32756         -138.028E-03  
              276.06E-03          -3.30318         -138.03E-03   
              276.065E-03         -3.27904         -138.033E-03  
              276.07E-03          -3.25508         -138.035E-03  
              276.074E-03         -3.23129         -138.037E-03  
              276.079E-03         -3.20764         -138.04E-03   
              276.086E-03         -3.17864         -138.043E-03  
              276.096E-03         -3.14397         -138.048E-03  
              276.112E-03         -3.10209         -138.056E-03  
              276.136E-03         -3.05239         -138.068E-03  
              276.159E-03         -3.00349         -138.08E-03   
              276.183E-03         -2.95516         -138.091E-03  
              276.206E-03         -2.90746         -138.103E-03  
              276.23E-03          -2.86064         -138.115E-03  
              276.253E-03         -2.81517         -138.127E-03  
              276.277E-03         -2.77071         -138.138E-03  
              276.3E-03           -2.72678         -138.15E-03   
              276.324E-03         -2.68323         -138.162E-03  
              276.347E-03         -2.64044         -138.174E-03  
              276.383E-03         -2.58978         -138.191E-03  
              276.418E-03         -2.54045         -138.209E-03  
              276.453E-03         -2.49166         -138.227E-03  
              276.489E-03         -2.44377         -138.244E-03  
              276.524E-03         -2.39757         -138.262E-03  
              276.577E-03         -2.34325         -138.288E-03  
              276.63E-03          -2.28975         -138.315E-03  
              276.683E-03         -2.23737         -138.341E-03  
              276.736E-03         -2.18716         -138.368E-03  
              276.789E-03         -2.13848         -138.394E-03  
              276.842E-03         -2.09053         -138.421E-03  
              276.895E-03         -2.04382         -138.447E-03  
              276.948E-03         -1.99932         -138.474E-03  
              277.E-03            -1.95636         -138.5E-03    
              277.053E-03         -1.91415         -138.527E-03  
              277.106E-03         -1.87291         -138.553E-03  
              277.186E-03         -1.82498         -138.593E-03  
              277.265E-03         -1.77916         -138.633E-03  
              277.345E-03         -1.73444         -138.672E-03  
              277.424E-03         -1.69138         -138.712E-03  
              277.503E-03         -1.6507          -138.752E-03  
              277.583E-03         -1.61138         -138.791E-03  
              277.662E-03         -1.57282         -138.831E-03  
              277.742E-03         -1.53525         -138.871E-03  
              277.762E-03         -1.51667         -138.881E-03  
              277.781E-03         -1.49852         -138.891E-03  
              277.801E-03         -1.48059         -138.901E-03  
              277.831E-03         -1.45843         -138.916E-03  
              277.876E-03         -1.43123         -138.938E-03  
              277.92E-03          -1.40462         -138.96E-03   
              277.965E-03         -1.37934         -138.983E-03  
              278.01E-03          -1.35595         -139.005E-03  
              278.054E-03         -1.33426         -139.027E-03  
              278.099E-03         -1.31383         -139.05E-03   
              278.144E-03         -1.29433         -139.072E-03  
              278.188E-03         -1.2757          -139.094E-03  
              278.233E-03         -1.2579          -139.117E-03  
              278.278E-03         -1.24084         -139.139E-03  
              278.322E-03         -1.22458         -139.161E-03  
              278.367E-03         -1.20896         -139.184E-03  
              278.412E-03         -1.19382         -139.206E-03  
              278.457E-03         -1.17912         -139.228E-03  
              278.523E-03         -1.16175         -139.262E-03  
              278.624E-03         -1.14172         -139.312E-03  
              278.725E-03         -1.12237         -139.362E-03  
              278.75E-03          -1.11274         -139.375E-03  
              278.756E-03         -1.10767         -139.378E-03  
              278.762E-03         -1.10139         -139.381E-03  
              278.764E-03         -1.09757         -139.382E-03  
              278.765E-03         -1.09279         -139.383E-03  
              278.767E-03         -1.08667         -139.383E-03  
              278.769E-03         -1.08259         -139.384E-03  
              278.77E-03          -1.08011         -139.385E-03  
              278.772E-03         -1.07785         -139.386E-03  
              278.773E-03         -1.07564         -139.387E-03  
              278.775E-03         -1.07345         -139.387E-03  
              278.777E-03         -1.07083         -139.389E-03  
              278.781E-03         -1.06768         -139.39E-03   
              278.786E-03         -1.06391         -139.393E-03  
              278.794E-03         -1.05942         -139.397E-03  
              278.802E-03         -1.05504         -139.401E-03  
              278.81E-03          -1.05077         -139.405E-03  
              278.822E-03         -1.04574         -139.411E-03  
              278.834E-03         -1.04083         -139.417E-03  
              278.846E-03         -1.03606         -139.423E-03  
              278.864E-03         -1.03047         -139.432E-03  
              278.881E-03         -1.02506         -139.441E-03  
              278.899E-03         -1.01987         -139.45E-03   
              278.926E-03         -1.01382         -139.463E-03  
              278.953E-03         -1.00803         -139.476E-03  
              278.98E-03          -1.00252         -139.49E-03   
              279.02E-03        -996.168E-03       -139.51E-03   
              279.06E-03        -990.186E-03       -139.53E-03   
              279.101E-03       -984.55E-03        -139.55E-03   
              279.161E-03       -978.153E-03       -139.58E-03   
              279.221E-03       -972.213E-03       -139.611E-03  
              279.282E-03       -966.697E-03       -139.641E-03  
              279.372E-03       -960.565E-03       -139.686E-03  
              279.463E-03       -955.054E-03       -139.731E-03  
              279.553E-03       -950.116E-03       -139.777E-03  
              279.689E-03       -944.924E-03       -139.845E-03  
              279.825E-03       -940.608E-03       -139.913E-03  
              279.961E-03       -937.091E-03       -139.98E-03   
              280.165E-03       -933.821E-03       -140.082E-03  
              280.368E-03       -931.581E-03       -140.184E-03  
              280.572E-03       -930.139E-03       -140.286E-03  
              280.878E-03       -929.119E-03       -140.439E-03  
              281.336E-03       -928.466E-03       -140.668E-03  
              282.024E-03       -927.803E-03       -141.012E-03  
              283.056E-03       -926.998E-03       -141.528E-03  
              285.119E-03       -925.589E-03       -142.559E-03  
              288.214E-03       -923.456E-03       -144.107E-03  
              292.856E-03       -920.604E-03       -146.428E-03  
              299.819E-03       -915.806E-03       -149.91E-03   
              301.56E-03        -912.548E-03       -150.78E-03   
              303.301E-03       -910.413E-03       -151.65E-03   
              305.042E-03       -908.781E-03       -152.521E-03  
              307.653E-03       -907.125E-03       -153.826E-03  
              311.57E-03        -905.016E-03       -155.785E-03  
              313.039E-03       -903.547E-03       -156.519E-03  
              315.242E-03       -901.618E-03       -157.621E-03  
              316.894E-03       -899.638E-03       -158.447E-03  
              316.972E-03       -899.02E-03        -158.486E-03  
              317.049E-03       -898.622E-03       -158.525E-03  
              317.127E-03       -897.557E-03       -158.563E-03  
              317.204E-03       -895.633E-03       -158.602E-03  
              317.281E-03       -892.133E-03       -158.641E-03  
              317.359E-03       -887.804E-03       -158.679E-03  
              317.436E-03       -884.003E-03       -158.718E-03  
              317.514E-03       -881.467E-03       -158.757E-03  
              317.591E-03       -879.874E-03       -158.796E-03  
              317.669E-03       -878.763E-03       -158.834E-03  
              317.746E-03       -878.08E-03        -158.873E-03  
              317.862E-03       -877.632E-03       -158.931E-03  
              317.979E-03       -877.417E-03       -158.989E-03  
              318.095E-03       -877.33E-03        -159.047E-03  
              318.211E-03       -877.288E-03       -159.105E-03  
              318.327E-03       -877.253E-03       -159.164E-03  
              318.443E-03       -877.218E-03       -159.222E-03  
              318.676E-03       -877.178E-03       -159.338E-03  
              319.14E-03        -877.097E-03       -159.57E-03   
              320.07E-03        -876.944E-03       -160.035E-03  
              321.929E-03       -876.617E-03       -160.964E-03  
              324.717E-03       -876.168E-03       -162.359E-03  
              328.9E-03         -875.419E-03       -164.45E-03   
              335.174E-03       -874.311E-03       -167.587E-03  
              336.743E-03       -873.118E-03       -168.371E-03  
              338.311E-03       -872.56E-03        -169.156E-03  
              338.409E-03       -872.271E-03       -169.205E-03  
              338.434E-03       -872.195E-03       -169.217E-03  
              338.458E-03       -872.166E-03       -169.229E-03  
              338.495E-03       -872.151E-03       -169.247E-03  
              338.497E-03       -872.147E-03       -169.249E-03  
              338.498E-03       -872.145E-03       -169.249E-03  
              338.498E-03       -872.145E-03       -169.249E-03  
              338.499E-03       -872.144E-03       -169.249E-03  
              338.499E-03       -872.144E-03       -169.25E-03   
              338.499E-03       -872.144E-03       -169.25E-03   
              338.499E-03       -872.144E-03       -169.25E-03   
              338.499E-03       -872.144E-03       -169.25E-03   
              338.499E-03       -872.144E-03       -169.25E-03   
              338.499E-03       -872.144E-03       -169.25E-03   
              338.499E-03       -872.144E-03       -169.25E-03   
              338.499E-03       -872.144E-03       -169.25E-03   
              338.499E-03       -872.144E-03       -169.25E-03   
              338.499E-03       -872.144E-03       -169.25E-03   
              338.499E-03       -872.144E-03       -169.25E-03   
              338.499E-03       -872.144E-03       -169.25E-03   
              338.499E-03       -872.144E-03       -169.25E-03   
              338.499E-03       -872.144E-03       -169.25E-03   
              338.499E-03       -872.144E-03       -169.25E-03   
              338.499E-03       -872.144E-03       -169.25E-03   
              338.499E-03       -872.144E-03       -169.25E-03   
              338.499E-03       -872.144E-03       -169.25E-03   
              338.499E-03       -872.143E-03       -169.25E-03   
              338.499E-03       -872.143E-03       -169.25E-03   
              338.5E-03         -872.142E-03       -169.25E-03   
              338.5E-03         -872.141E-03       -169.25E-03   
              338.5E-03         -872.14E-03        -169.25E-03   
              338.501E-03       -872.136E-03       -169.25E-03   
              338.502E-03       -872.131E-03       -169.251E-03  
              338.504E-03       -872.121E-03       -169.252E-03  
              338.508E-03       -872.106E-03       -169.254E-03  
              338.513E-03       -872.082E-03       -169.257E-03  
              338.521E-03       -872.045E-03       -169.261E-03  
              338.533E-03       -871.987E-03       -169.266E-03  
              338.551E-03       -871.894E-03       -169.275E-03  
              338.577E-03       -871.743E-03       -169.289E-03  
              338.617E-03       -871.488E-03       -169.308E-03  
              338.677E-03       -871.028E-03       -169.338E-03  
              338.736E-03       -870.345E-03       -169.368E-03  
              338.796E-03       -869.373E-03       -169.398E-03  
              338.856E-03       -868.506E-03       -169.428E-03  
              338.915E-03       -867.816E-03       -169.458E-03  
              338.975E-03       -865.419E-03       -169.487E-03  
              339.035E-03       -862.674E-03       -169.517E-03  
              339.094E-03       -861.039E-03       -169.547E-03  
              339.154E-03       -860.125E-03       -169.577E-03  
              339.214E-03       -859.65E-03        -169.607E-03  
              339.273E-03       -859.414E-03       -169.637E-03  
              339.333E-03       -859.311E-03       -169.667E-03  
              339.393E-03       -859.268E-03       -169.696E-03  
              339.408E-03       -859.247E-03       -169.704E-03  
              339.423E-03       -859.238E-03       -169.711E-03  
              339.438E-03       -859.233E-03       -169.719E-03  
              339.452E-03       -859.229E-03       -169.726E-03  
              339.482E-03       -859.225E-03       -169.741E-03  
              339.542E-03       -859.215E-03       -169.771E-03  
              339.661E-03       -859.196E-03       -169.831E-03  
              339.9E-03         -859.156E-03       -169.95E-03   
              340.378E-03       -859.088E-03       -170.189E-03  
              341.333E-03       -858.973E-03       -170.666E-03  
              343.243E-03       -858.776E-03       -171.621E-03  
              346.108E-03       -858.581E-03       -173.054E-03  
              350.405E-03       -858.285E-03       -175.203E-03  
              354.703E-03       -858.073E-03       -177.351E-03  
              359.001E-03       -858.544E-03       -179.5E-03    
              363.298E-03       -859.115E-03       -181.649E-03  
              367.596E-03       -858.898E-03       -183.798E-03  
              367.621E-03       -858.484E-03       -183.81E-03   
              367.64E-03        -858.213E-03       -183.82E-03   
              367.645E-03       -858.088E-03       -183.822E-03  
              367.649E-03       -857.974E-03       -183.825E-03  
              367.654E-03       -857.857E-03       -183.827E-03  
              367.661E-03       -857.706E-03       -183.831E-03  
              367.672E-03       -857.516E-03       -183.836E-03  
              367.688E-03       -857.27E-03        -183.844E-03  
              367.712E-03       -856.907E-03       -183.856E-03  
              367.747E-03       -856.363E-03       -183.874E-03  
              367.801E-03       -855.528E-03       -183.901E-03  
              367.882E-03       -854.055E-03       -183.941E-03  
              367.963E-03       -852.051E-03       -183.981E-03  
              368.043E-03       -849.552E-03       -184.022E-03  
              368.124E-03       -846.752E-03       -184.062E-03  
              368.205E-03       -843.984E-03       -184.102E-03  
              368.285E-03       -841.526E-03       -184.143E-03  
              368.366E-03       -839.429E-03       -184.183E-03  
              368.447E-03       -837.563E-03       -184.223E-03  
              368.527E-03       -835.797E-03       -184.264E-03  
              368.608E-03       -833.997E-03       -184.304E-03  
              368.689E-03       -831.938E-03       -184.344E-03  
              368.769E-03       -829.535E-03       -184.385E-03  
              368.85E-03        -826.754E-03       -184.425E-03  
              368.931E-03       -823.92E-03        -184.465E-03  
              369.011E-03       -821.165E-03       -184.506E-03  
              369.092E-03       -818.788E-03       -184.546E-03  
              369.173E-03       -816.568E-03       -184.586E-03  
              369.253E-03       -814.661E-03       -184.627E-03  
              369.334E-03       -812.75E-03        -184.667E-03  
              369.415E-03       -810.945E-03       -184.707E-03  
              369.495E-03       -809.013E-03       -184.748E-03  
              369.576E-03       -807.069E-03       -184.788E-03  
              369.657E-03       -804.951E-03       -184.828E-03  
              369.737E-03       -802.708E-03       -184.869E-03  
              369.818E-03       -800.264E-03       -184.909E-03  
              369.899E-03       -797.299E-03       -184.949E-03  
              369.939E-03       -794.966E-03       -184.969E-03  
              369.979E-03       -792.349E-03       -184.99E-03   
              370.02E-03        -789.313E-03       -185.01E-03   
              370.06E-03        -785.842E-03       -185.03E-03   
              370.07E-03        -784.096E-03       -185.035E-03  
              370.08E-03        -782.339E-03       -185.04E-03   
              370.09E-03        -780.543E-03       -185.045E-03  
              370.1E-03         -778.854E-03       -185.05E-03   
              370.11E-03        -777.097E-03       -185.055E-03  
              370.12E-03        -775.352E-03       -185.06E-03   
              370.131E-03       -773.771E-03       -185.065E-03  
              370.141E-03       -772.128E-03       -185.07E-03   
              370.151E-03       -770.523E-03       -185.075E-03  
              370.166E-03       -768.799E-03       -185.083E-03  
              370.181E-03       -767.015E-03       -185.09E-03   
              370.196E-03       -765.33E-03        -185.098E-03  
              370.211E-03       -763.835E-03       -185.106E-03  
              370.226E-03       -762.296E-03       -185.113E-03  
              370.241E-03       -760.799E-03       -185.121E-03  
              370.264E-03       -759.186E-03       -185.132E-03  
              370.287E-03       -757.514E-03       -185.143E-03  
              370.31E-03        -755.848E-03       -185.155E-03  
              370.332E-03       -754.335E-03       -185.166E-03  
              370.355E-03       -752.733E-03       -185.177E-03  
              370.378E-03       -751.018E-03       -185.189E-03  
              370.4E-03         -749.458E-03       -185.2E-03    
              370.423E-03       -747.813E-03       -185.212E-03  
              370.446E-03       -745.958E-03       -185.223E-03  
              370.468E-03       -744.244E-03       -185.234E-03  
              370.491E-03       -742.597E-03       -185.246E-03  
              370.514E-03       -740.714E-03       -185.257E-03  
              370.536E-03       -738.907E-03       -185.268E-03  
              370.559E-03       -737.066E-03       -185.28E-03   
              370.582E-03       -735.026E-03       -185.291E-03  
              370.605E-03       -733.15E-03        -185.302E-03  
              370.627E-03       -731.444E-03       -185.314E-03  
              370.65E-03        -729.59E-03        -185.325E-03  
              370.673E-03       -728.068E-03       -185.336E-03  
              370.695E-03       -726.864E-03       -185.348E-03  
              370.718E-03       -725.91E-03        -185.359E-03  
              370.752E-03       -725.007E-03       -185.376E-03  
              370.786E-03       -724.348E-03       -185.393E-03  
              370.82E-03        -723.919E-03       -185.41E-03   
              370.854E-03       -723.655E-03       -185.427E-03  
              370.888E-03       -723.511E-03       -185.444E-03  
              370.922E-03       -723.449E-03       -185.461E-03  
              370.956E-03       -723.438E-03       -185.478E-03  
              370.99E-03        -723.45E-03        -185.495E-03  
              371.024E-03       -723.467E-03       -185.512E-03  
              371.058E-03       -723.484E-03       -185.529E-03  
              371.109E-03       -723.512E-03       -185.555E-03  
              371.211E-03       -723.567E-03       -185.606E-03  
              371.416E-03       -723.676E-03       -185.708E-03  
              371.824E-03       -723.894E-03       -185.912E-03  
              372.641E-03       -724.28E-03        -186.32E-03   
              373.866E-03       -724.391E-03       -186.933E-03  
              374.172E-03       -724.253E-03       -187.086E-03  
              374.479E-03       -724.199E-03       -187.239E-03  
              374.785E-03       -724.124E-03       -187.392E-03  
              375.397E-03       -724.053E-03       -187.699E-03  
              376.623E-03       -723.933E-03       -188.311E-03  
              379.073E-03       -723.754E-03       -189.537E-03  
              382.749E-03       -723.573E-03       -191.374E-03  
              384.127E-03       -723.24E-03        -192.063E-03  
              386.194E-03       -722.821E-03       -193.097E-03  
              386.711E-03       -722.552E-03       -193.356E-03  
              387.228E-03       -722.347E-03       -193.614E-03  
              387.745E-03       -722.14E-03        -193.873E-03  
              388.262E-03       -721.926E-03       -194.131E-03  
              389.296E-03       -721.603E-03       -194.648E-03  
              391.363E-03       -721.071E-03       -195.682E-03  
              392.139E-03       -720.768E-03       -196.069E-03  
              393.689E-03       -720.449E-03       -196.845E-03  
              394.271E-03       -720.199E-03       -197.135E-03  
              395.434E-03       -719.956E-03       -197.717E-03  
              397.76E-03        -719.471E-03       -198.88E-03   
              401.249E-03       -719.184E-03       -200.624E-03  
              406.482E-03       -719.355E-03       -203.241E-03  
              414.332E-03       -719.64E-03        -207.166E-03  
              416.295E-03       -719.211E-03       -208.147E-03  
              418.257E-03       -719.094E-03       -209.129E-03  
              420.22E-03        -719.115E-03       -210.11E-03   
              420.956E-03       -719.104E-03       -210.478E-03  
              422.427E-03       -719.292E-03       -211.214E-03  
              423.899E-03       -719.462E-03       -211.95E-03   
              424.083E-03       -719.253E-03       -212.042E-03  
              424.221E-03       -719.145E-03       -212.111E-03  
              424.359E-03       -719.113E-03       -212.18E-03   
              424.463E-03       -719.097E-03       -212.231E-03  
              424.566E-03       -719.08E-03        -212.283E-03  
              424.773E-03       -719.045E-03       -212.387E-03  
              425.187E-03       -718.952E-03       -212.594E-03  
              425.194E-03       -718.856E-03       -212.597E-03  
              425.2E-03         -718.781E-03       -212.6E-03    
              425.207E-03       -718.713E-03       -212.603E-03  
              425.213E-03       -718.655E-03       -212.607E-03  
              425.22E-03        -718.601E-03       -212.61E-03   
              425.226E-03       -718.55E-03        -212.613E-03  
              425.236E-03       -718.492E-03       -212.618E-03  
              425.245E-03       -718.436E-03       -212.623E-03  
              425.255E-03       -718.38E-03        -212.628E-03  
              425.275E-03       -718.299E-03       -212.637E-03  
              425.294E-03       -718.216E-03       -212.647E-03  
              425.313E-03       -718.127E-03       -212.657E-03  




