                   0.                -0.                 0.         
               10.E-06            -2.80372E-03       -5.E-06     
               20.E-06            -5.60745E-03      -10.E-06     
               30.E-06            -8.41117E-03      -15.E-06     
               50.E-06           -14.0186E-03       -25.E-06     
               90.E-06           -25.2335E-03       -45.E-06     
              170.E-06           -47.6633E-03       -85.E-06     
              330.E-06           -92.5229E-03      -165.E-06     
              650.E-06          -182.242E-03       -325.E-06     
                1.29E-03        -361.679E-03       -645.E-06     
                2.57E-03        -720.546E-03         -1.285E-03  
                5.13E-03          -1.43822           -2.565E-03  
               10.25E-03          -2.8731            -5.125E-03  
               17.93E-03          -5.02321           -8.965E-03  
               29.45E-03          -8.23979          -14.725E-03  
               46.73E-03         -13.0328           -23.365E-03  
               64.01E-03         -17.767            -32.005E-03  
               81.29E-03         -22.4161           -40.645E-03  
               98.57E-03         -26.9439           -49.285E-03  
              115.85E-03         -31.2657           -57.925E-03  
              120.17E-03         -32.2141           -60.085E-03  
              121.25E-03         -32.3671           -60.625E-03  
              122.33E-03         -32.4              -61.165E-03  
              122.397E-03        -32.3321           -61.1987E-03 
              122.448E-03        -32.2582           -61.2241E-03 
              122.499E-03        -32.1818           -61.2494E-03 
              122.549E-03        -32.1083           -61.2747E-03 
              122.6E-03          -32.0365           -61.3E-03    
              122.651E-03        -31.9649           -61.3253E-03 
              122.701E-03        -31.8921           -61.3506E-03 
              122.752E-03        -31.8176           -61.3759E-03 
              122.803E-03        -31.7415           -61.4013E-03 
              122.853E-03        -31.6637           -61.4266E-03 
              122.904E-03        -31.5835           -61.4519E-03 
              122.954E-03        -31.501            -61.4772E-03 
              123.03E-03         -31.4006           -61.5152E-03 
              123.106E-03        -31.2961           -61.5531E-03 
              123.182E-03        -31.188            -61.5911E-03 
              123.258E-03        -31.076            -61.6291E-03 
              123.334E-03        -30.9599           -61.667E-03  
              123.41E-03         -30.8403           -61.705E-03  
              123.486E-03        -30.7164           -61.743E-03  
              123.562E-03        -30.5889           -61.7809E-03 
              123.638E-03        -30.4573           -61.8189E-03 
              123.714E-03        -30.322            -61.8569E-03 
              123.79E-03         -30.1826           -61.8948E-03 
              123.866E-03        -30.0395           -61.9328E-03 
              123.942E-03        -29.8925           -61.9708E-03 
              124.018E-03        -29.7414           -62.0088E-03 
              124.093E-03        -29.5866           -62.0467E-03 
              124.169E-03        -29.4275           -62.0847E-03 
              124.245E-03        -29.265            -62.1227E-03 
              124.321E-03        -29.0982           -62.1606E-03 
              124.397E-03        -28.9282           -62.1986E-03 
              124.473E-03        -28.7542           -62.2366E-03 
              124.549E-03        -28.5769           -62.2745E-03 
              124.625E-03        -28.3957           -62.3125E-03 
              124.701E-03        -28.2112           -62.3505E-03 
              124.777E-03        -28.0238           -62.3884E-03 
              124.853E-03        -27.8339           -62.4264E-03 
              124.929E-03        -27.6416           -62.4644E-03 
              125.005E-03        -27.4458           -62.5023E-03 
              125.081E-03        -27.2468           -62.5403E-03 
              125.157E-03        -27.0451           -62.5783E-03 
              125.233E-03        -26.8409           -62.6163E-03 
              125.308E-03        -26.6333           -62.6542E-03 
              125.384E-03        -26.4236           -62.6922E-03 
              125.46E-03         -26.211            -62.7302E-03 
              125.536E-03        -25.9967           -62.7681E-03 
              125.612E-03        -25.7797           -62.8061E-03 
              125.688E-03        -25.5616           -62.8441E-03 
              125.764E-03        -25.3409           -62.882E-03  
              125.84E-03         -25.1194           -62.92E-03   
              125.916E-03        -24.8957           -62.958E-03  
              125.992E-03        -24.6708           -62.9959E-03 
              126.068E-03        -24.4449           -63.0339E-03 
              126.144E-03        -24.2161           -63.0719E-03 
              126.22E-03         -23.987            -63.1098E-03 
              126.296E-03        -23.7561           -63.1478E-03 
              126.315E-03        -23.6361           -63.1573E-03 
              126.334E-03        -23.5163           -63.1668E-03 
              126.353E-03        -23.3969           -63.1763E-03 
              126.372E-03        -23.278            -63.1858E-03 
              126.391E-03        -23.1587           -63.1953E-03 
              126.41E-03         -23.0389           -63.2048E-03 
              126.438E-03        -22.8932           -63.219E-03  
              126.445E-03        -22.8191           -63.2226E-03 
              126.452E-03        -22.7453           -63.2261E-03 
              126.463E-03        -22.6551           -63.2315E-03 
              126.479E-03        -22.5447           -63.2395E-03 
              126.503E-03        -22.4106           -63.2515E-03 
              126.527E-03        -22.2771           -63.2635E-03 
              126.551E-03        -22.1429           -63.2755E-03 
              126.575E-03        -22.0076           -63.2875E-03 
              126.611E-03        -21.844            -63.3055E-03 
              126.647E-03        -21.6804           -63.3236E-03 
              126.683E-03        -21.5153           -63.3416E-03 
              126.719E-03        -21.3507           -63.3596E-03 
              126.755E-03        -21.1866           -63.3776E-03 
              126.791E-03        -21.021            -63.3956E-03 
              126.827E-03        -20.856            -63.4137E-03 
              126.863E-03        -20.692            -63.4317E-03 
              126.899E-03        -20.5266           -63.4497E-03 
              126.935E-03        -20.3617           -63.4677E-03 
              126.971E-03        -20.1981           -63.4857E-03 
              127.008E-03        -20.0334           -63.5038E-03 
              127.044E-03        -19.8687           -63.5218E-03 
              127.08E-03         -19.7056           -63.5398E-03 
              127.116E-03        -19.5414           -63.5578E-03 
              127.152E-03        -19.3771           -63.5758E-03 
              127.188E-03        -19.2146           -63.5939E-03 
              127.224E-03        -19.0516           -63.6119E-03 
              127.26E-03         -18.8881           -63.6299E-03 
              127.296E-03        -18.7268           -63.6479E-03 
              127.332E-03        -18.565            -63.6659E-03 
              127.341E-03        -18.4822           -63.6705E-03 
              127.35E-03         -18.3999           -63.675E-03  
              127.363E-03        -18.3009           -63.6817E-03 
              127.377E-03        -18.2027           -63.6885E-03 
              127.39E-03         -18.1043           -63.6952E-03 
              127.404E-03        -18.0053           -63.702E-03  
              127.418E-03        -17.9065           -63.7088E-03 
              127.438E-03        -17.7877           -63.7189E-03 
              127.458E-03        -17.6696           -63.729E-03  
              127.478E-03        -17.5508           -63.7392E-03 
              127.499E-03        -17.4316           -63.7493E-03 
              127.519E-03        -17.3136           -63.7594E-03 
              127.526E-03        -17.2413           -63.7632E-03 
              127.538E-03        -17.1533           -63.7689E-03 
              127.549E-03        -17.065            -63.7746E-03 
              127.561E-03        -16.9764           -63.7803E-03 
              127.578E-03        -16.8689           -63.7889E-03 
              127.603E-03        -16.7399           -63.8017E-03 
              127.629E-03        -16.6107           -63.8146E-03 
              127.655E-03        -16.4807           -63.8274E-03 
              127.68E-03         -16.3514           -63.8402E-03 
              127.706E-03        -16.2236           -63.853E-03  
              127.732E-03        -16.0957           -63.8659E-03 
              127.757E-03        -15.968            -63.8787E-03 
              127.783E-03        -15.8414           -63.8915E-03 
              127.809E-03        -15.7148           -63.9044E-03 
              127.834E-03        -15.5881           -63.9172E-03 
              127.86E-03         -15.4623           -63.93E-03   
              127.886E-03        -15.3369           -63.9428E-03 
              127.911E-03        -15.2121           -63.9557E-03 
              127.937E-03        -15.0893           -63.9685E-03 
              127.963E-03        -14.9674           -63.9813E-03 
              127.988E-03        -14.8451           -63.9942E-03 
              128.014E-03        -14.723            -64.007E-03  
              128.04E-03         -14.6022           -64.0198E-03 
              128.046E-03        -14.5413           -64.023E-03  
              128.052E-03        -14.4808           -64.0262E-03 
              128.062E-03        -14.4072           -64.031E-03  
              128.077E-03        -14.3175           -64.0383E-03 
              128.098E-03        -14.2091           -64.0491E-03 
              128.12E-03         -14.101            -64.0599E-03 
              128.141E-03        -13.9927           -64.0707E-03 
              128.163E-03        -13.8849           -64.0816E-03 
              128.185E-03        -13.7784           -64.0924E-03 
              128.206E-03        -13.6724           -64.1032E-03 
              128.228E-03        -13.5661           -64.114E-03  
              128.25E-03         -13.4597           -64.1249E-03 
              128.282E-03        -13.3323           -64.1411E-03 
              128.315E-03        -13.206            -64.1573E-03 
              128.347E-03        -13.0792           -64.1736E-03 
              128.38E-03         -12.9529           -64.1898E-03 
              128.428E-03        -12.802            -64.2141E-03 
              128.477E-03        -12.651            -64.2385E-03 
              128.526E-03        -12.5              -64.2629E-03 
              128.574E-03        -12.3518           -64.2872E-03 
              128.623E-03        -12.2039           -64.3116E-03 
              128.672E-03        -12.056            -64.3359E-03 
              128.721E-03        -11.9109           -64.3603E-03 
              128.769E-03        -11.7668           -64.3846E-03 
              128.818E-03        -11.6223           -64.409E-03  
              128.867E-03        -11.4805           -64.4333E-03 
              128.915E-03        -11.3404           -64.4577E-03 
              128.964E-03        -11.1998           -64.4821E-03 
              129.013E-03        -11.0615           -64.5064E-03 
              129.062E-03        -10.9255           -64.5308E-03 
              129.11E-03         -10.7891           -64.5551E-03 
              129.159E-03        -10.6542           -64.5795E-03 
              129.208E-03        -10.5221           -64.6038E-03 
              129.256E-03        -10.3902           -64.6282E-03 
              129.305E-03        -10.2587           -64.6525E-03 
              129.354E-03        -10.1303           -64.6769E-03 
              129.402E-03        -10.0028           -64.7012E-03 
              129.451E-03         -9.87498          -64.7256E-03 
              129.5E-03           -9.74971          -64.75E-03   
              129.549E-03         -9.6265           -64.7743E-03 
              129.597E-03         -9.50295          -64.7987E-03 
              129.646E-03         -9.38078          -64.823E-03  
              129.695E-03         -9.26141          -64.8474E-03 
              129.743E-03         -9.1424           -64.8717E-03 
              129.792E-03         -9.02365          -64.8961E-03 
              129.841E-03         -8.90762          -64.9204E-03 
              129.89E-03          -8.79315          -64.9448E-03 
              129.938E-03         -8.67848          -64.9692E-03 
              129.987E-03         -8.5654           -64.9935E-03 
              130.036E-03         -8.4548           -65.0179E-03 
              130.084E-03         -8.34457          -65.0422E-03 
              130.133E-03         -8.23468          -65.0666E-03 
              130.182E-03         -8.12723          -65.0909E-03 
              130.231E-03         -8.02136          -65.1153E-03 
              130.279E-03         -7.91547          -65.1396E-03 
              130.328E-03         -7.81077          -65.164E-03  
              130.377E-03         -7.70849          -65.1883E-03 
              130.425E-03         -7.60706          -65.2127E-03 
              130.474E-03         -7.50567          -65.2371E-03 
              130.523E-03         -7.40596          -65.2614E-03 
              130.596E-03         -7.28729          -65.2979E-03 
              130.669E-03         -7.16966          -65.3345E-03 
              130.742E-03         -7.05427          -65.371E-03  
              130.815E-03         -6.94052          -65.4075E-03 
              130.888E-03         -6.82824          -65.4441E-03 
              130.961E-03         -6.71845          -65.4806E-03 
              131.034E-03         -6.60994          -65.5171E-03 
              131.107E-03         -6.50294          -65.5537E-03 
              131.18E-03          -6.39846          -65.5902E-03 
              131.253E-03         -6.29534          -65.6267E-03 
              131.327E-03         -6.19337          -65.6633E-03 
              131.4E-03           -6.09384          -65.6998E-03 
              131.473E-03         -5.99658          -65.7363E-03 
              131.546E-03         -5.90021          -65.7729E-03 
              131.619E-03         -5.80443          -65.8094E-03 
              131.692E-03         -5.70894          -65.8459E-03 
              131.765E-03         -5.61595          -65.8825E-03 
              131.838E-03         -5.52423          -65.919E-03  
              131.911E-03         -5.4339           -65.9555E-03 
              131.984E-03         -5.34502          -65.9921E-03 
              132.057E-03         -5.25742          -66.0286E-03 
              132.13E-03          -5.17077          -66.0651E-03 
              132.24E-03          -5.0676           -66.1199E-03 
              132.349E-03         -4.96651          -66.1747E-03 
              132.459E-03         -4.86654          -66.2295E-03 
              132.569E-03         -4.7689           -66.2843E-03 
              132.678E-03         -4.67324          -66.3391E-03 
              132.788E-03         -4.57884          -66.3939E-03 
              132.897E-03         -4.48678          -66.4487E-03 
              133.062E-03         -4.37745          -66.5309E-03 
              133.226E-03         -4.27009          -66.6131E-03 
              133.391E-03         -4.1656           -66.6953E-03 
              133.555E-03         -4.06293          -66.7775E-03 
              133.719E-03         -3.96314          -66.8597E-03 
              133.884E-03         -3.86568          -66.9419E-03 
              134.048E-03         -3.77035          -67.0241E-03 
              134.213E-03         -3.67792          -67.1063E-03 
              134.377E-03         -3.58761          -67.1885E-03 
              134.541E-03         -3.49976          -67.2707E-03 
              134.706E-03         -3.41454          -67.3529E-03 
              134.87E-03          -3.33134          -67.4351E-03 
              135.035E-03         -3.25052          -67.5173E-03 
              135.199E-03         -3.17213          -67.5995E-03 
              135.363E-03         -3.09561          -67.6817E-03 
              135.528E-03         -3.02133          -67.7639E-03 
              135.692E-03         -2.94947          -67.8461E-03 
              135.939E-03         -2.86487          -67.9694E-03 
              136.185E-03         -2.78306          -68.0927E-03 
              136.432E-03         -2.70414          -68.216E-03  
              136.679E-03         -2.62761          -68.3393E-03 
              136.925E-03         -2.55396          -68.4626E-03 
              137.172E-03         -2.483            -68.5859E-03 
              137.542E-03         -2.40074          -68.7708E-03 
              137.911E-03         -2.32185          -68.9557E-03 
              138.281E-03         -2.2462           -69.1407E-03 
              138.651E-03         -2.17387          -69.3256E-03 
              139.021E-03         -2.10503          -69.5106E-03 
              139.391E-03         -2.03924          -69.6955E-03 
              139.761E-03         -1.97664          -69.8805E-03 
              140.316E-03         -1.90529          -70.1579E-03 
              140.871E-03         -1.83806          -70.4353E-03 
              141.425E-03         -1.77493          -70.7127E-03 
              141.98E-03          -1.71595          -70.9901E-03 
              142.813E-03         -1.65032          -71.4063E-03 
              143.645E-03         -1.58981          -71.8224E-03 
              144.477E-03         -1.5339           -72.2385E-03 
              145.309E-03         -1.4824           -72.6546E-03 
              146.558E-03         -1.42622          -73.2788E-03 
              147.806E-03         -1.37476          -73.903E-03  
              149.054E-03         -1.32769          -74.5272E-03 
              150.927E-03         -1.2767           -75.4635E-03 
              152.8E-03           -1.22902          -76.3998E-03 
              154.672E-03         -1.18491          -77.3361E-03 
              156.545E-03         -1.14327          -78.2724E-03 
              158.417E-03         -1.10436          -79.2086E-03 
              160.29E-03          -1.06722          -80.1449E-03 
              160.992E-03         -1.04364          -80.496E-03  
              161.694E-03         -1.02134          -80.8471E-03 
              162.396E-03         -1.0005           -81.1982E-03 
              163.45E-03        -976.717E-03        -81.7249E-03 
              164.503E-03       -954.161E-03        -82.2516E-03 
              165.556E-03       -932.416E-03        -82.7782E-03 
              167.136E-03       -906.814E-03        -83.5682E-03 
              169.506E-03       -876.276E-03        -84.7532E-03 
              171.876E-03       -845.739E-03        -85.9382E-03 
              174.246E-03       -815.079E-03        -87.1232E-03 
              176.616E-03       -785.571E-03        -88.3082E-03 
              178.986E-03       -757.504E-03        -89.4931E-03 
              182.541E-03       -723.114E-03        -91.2706E-03 
              186.096E-03       -690.023E-03        -93.0481E-03 
              189.651E-03       -658.382E-03        -94.8256E-03 
              193.206E-03       -628.033E-03        -96.6031E-03 
              196.761E-03       -600.015E-03        -98.3805E-03 
              200.316E-03       -574.348E-03       -100.158E-03  
              203.871E-03       -550.185E-03       -101.935E-03  
              209.203E-03       -520.943E-03       -104.602E-03  
              214.536E-03       -493.524E-03       -107.268E-03  
              219.868E-03       -467.005E-03       -109.934E-03  
              225.201E-03       -442.461E-03       -112.6E-03    
              230.533E-03       -420.416E-03       -115.267E-03  
              235.866E-03       -399.567E-03       -117.933E-03  
              241.198E-03       -379.923E-03       -120.599E-03  
              246.53E-03        -362.588E-03       -123.265E-03  
              251.863E-03       -347.225E-03       -125.931E-03  
              257.195E-03       -333.E-03          -128.598E-03  
              262.528E-03       -319.3E-03         -131.264E-03  
              267.86E-03        -306.767E-03       -133.93E-03   
              273.193E-03       -295.574E-03       -136.596E-03  
              281.191E-03       -281.455E-03       -140.596E-03  
              293.189E-03       -262.423E-03       -146.595E-03  
              305.187E-03       -245.069E-03       -152.594E-03  
              317.185E-03       -231.094E-03       -158.593E-03  
              320.185E-03       -226.969E-03       -160.092E-03  
              323.184E-03       -223.666E-03       -161.592E-03  
              326.184E-03       -220.778E-03       -163.092E-03  
              330.683E-03       -216.518E-03       -165.341E-03  
              337.432E-03       -210.626E-03       -168.716E-03  
              347.555E-03       -202.485E-03       -173.778E-03  
              362.74E-03        -192.491E-03       -181.37E-03   
              377.925E-03       -184.638E-03       -188.962E-03  
              393.11E-03        -177.865E-03       -196.555E-03  
              408.295E-03       -171.497E-03       -204.147E-03  
              423.48E-03        -165.811E-03       -211.74E-03   
              438.665E-03       -161.062E-03       -219.332E-03  
              443.665E-03       -159.408E-03       -221.832E-03  
              448.665E-03       -158.218E-03       -224.332E-03  
              449.915E-03       -157.855E-03       -224.957E-03  
              450.227E-03       -157.6E-03         -225.114E-03  
              450.54E-03        -157.43E-03        -225.27E-03   
              450.852E-03       -157.387E-03       -225.426E-03  
              451.477E-03       -157.126E-03       -225.739E-03  
              452.727E-03       -156.8E-03         -226.364E-03  
              453.977E-03       -156.46E-03        -226.989E-03  
              455.227E-03       -156.122E-03       -227.614E-03  
              455.383E-03       -156.073E-03       -227.692E-03  
              455.54E-03        -156.033E-03       -227.77E-03   
              455.696E-03       -155.987E-03       -227.848E-03  
              455.735E-03       -155.98E-03        -227.867E-03  
              455.774E-03       -155.956E-03       -227.887E-03  
              455.774E-03       -155.961E-03       -227.887E-03  
              455.774E-03       -155.961E-03       -227.887E-03  
              455.774E-03       -155.961E-03       -227.887E-03  
              455.774E-03       -155.961E-03       -227.887E-03  
              455.774E-03       -155.961E-03       -227.887E-03  
              455.774E-03       -155.961E-03       -227.887E-03  
              455.774E-03       -155.961E-03       -227.887E-03  
              455.774E-03       -155.961E-03       -227.887E-03  
              455.774E-03       -155.961E-03       -227.887E-03  
              455.775E-03       -155.961E-03       -227.887E-03  
              455.775E-03       -155.961E-03       -227.887E-03  
              455.775E-03       -155.961E-03       -227.887E-03  
              455.775E-03       -155.961E-03       -227.887E-03  
              455.775E-03       -155.961E-03       -227.888E-03  
              455.776E-03       -155.96E-03        -227.888E-03  
              455.778E-03       -155.96E-03        -227.889E-03  
              455.78E-03        -155.959E-03       -227.89E-03   
              455.78E-03        -155.959E-03       -227.89E-03   
              455.78E-03        -155.959E-03       -227.89E-03   
              455.78E-03        -155.959E-03       -227.89E-03   
              455.78E-03        -155.959E-03       -227.89E-03   
              455.78E-03        -155.959E-03       -227.89E-03   
              455.78E-03        -155.959E-03       -227.89E-03   
              455.78E-03        -155.959E-03       -227.89E-03   
              455.78E-03        -155.959E-03       -227.89E-03   
              455.78E-03        -155.959E-03       -227.89E-03   
              455.78E-03        -155.959E-03       -227.89E-03   
              455.78E-03        -155.959E-03       -227.89E-03   
              455.78E-03        -155.959E-03       -227.89E-03   
              455.78E-03        -155.959E-03       -227.89E-03   
              455.78E-03        -155.959E-03       -227.89E-03   
              455.78E-03        -155.959E-03       -227.89E-03   
              455.78E-03        -155.958E-03       -227.89E-03   
              455.78E-03        -155.958E-03       -227.89E-03   
              455.78E-03        -155.957E-03       -227.89E-03   
              455.78E-03        -155.956E-03       -227.89E-03   
              455.78E-03        -155.955E-03       -227.89E-03   
              455.78E-03        -155.954E-03       -227.89E-03   
              455.78E-03        -155.952E-03       -227.89E-03   
              455.78E-03        -155.95E-03        -227.89E-03   
              455.78E-03        -155.948E-03       -227.89E-03   
              455.781E-03       -155.944E-03       -227.89E-03   
              455.781E-03       -155.938E-03       -227.89E-03   
              455.781E-03       -155.927E-03       -227.891E-03  
              455.782E-03       -155.91E-03        -227.891E-03  
              455.783E-03       -155.892E-03       -227.892E-03  
              455.784E-03       -155.87E-03        -227.892E-03  
              455.785E-03       -155.845E-03       -227.893E-03  
              455.786E-03       -155.817E-03       -227.893E-03  
              455.788E-03       -155.777E-03       -227.894E-03  
              455.791E-03       -155.712E-03       -227.895E-03  
              455.794E-03       -155.644E-03       -227.897E-03  
              455.797E-03       -155.569E-03       -227.898E-03  
              455.801E-03       -155.453E-03       -227.901E-03  
              455.81E-03        -155.04E-03        -227.905E-03  
              455.812E-03       -154.751E-03       -227.906E-03  
              455.814E-03       -154.269E-03       -227.907E-03  
              455.817E-03       -153.391E-03       -227.908E-03  
              455.818E-03       -152.542E-03       -227.909E-03  
              455.819E-03       -150.481E-03       -227.909E-03  
              455.819E-03       -147.083E-03       -227.91E-03   
              455.82E-03        -139.028E-03       -227.91E-03   
              455.821E-03       -138.026E-03       -227.91E-03   
              455.821E-03       -137.859E-03       -227.91E-03   
              455.821E-03       -137.742E-03       -227.911E-03  
              455.821E-03       -137.637E-03       -227.911E-03  
              455.822E-03       -137.543E-03       -227.911E-03  
              455.822E-03       -137.442E-03       -227.911E-03  
              455.823E-03       -137.334E-03       -227.911E-03  
              455.824E-03       -137.226E-03       -227.912E-03  
              455.824E-03       -137.136E-03       -227.912E-03  
              455.825E-03       -137.063E-03       -227.913E-03  
              455.827E-03       -136.994E-03       -227.913E-03  
              455.828E-03       -136.942E-03       -227.914E-03  
              455.829E-03       -136.904E-03       -227.915E-03  
              455.831E-03       -136.877E-03       -227.915E-03  
              455.832E-03       -136.861E-03       -227.916E-03  
              455.833E-03       -136.853E-03       -227.917E-03  
              455.835E-03       -136.851E-03       -227.917E-03  
              455.836E-03       -136.851E-03       -227.918E-03  
              455.837E-03       -136.851E-03       -227.919E-03  
              455.839E-03       -136.85E-03        -227.919E-03  
              455.84E-03        -136.85E-03        -227.92E-03   
              455.842E-03       -136.85E-03        -227.921E-03  
              455.845E-03       -136.85E-03        -227.923E-03  
              455.85E-03        -136.849E-03       -227.925E-03  
              455.859E-03       -136.848E-03       -227.929E-03  
              455.872E-03       -136.846E-03       -227.936E-03  
              455.899E-03       -136.842E-03       -227.95E-03   
              455.954E-03       -136.836E-03       -227.977E-03  
              456.062E-03       -136.821E-03       -228.031E-03  
              456.279E-03       -136.8E-03         -228.14E-03   
              456.713E-03       -136.753E-03       -228.356E-03  
              457.581E-03       -136.625E-03       -228.79E-03   
              458.883E-03       -136.445E-03       -229.441E-03  
              461.486E-03       -136.063E-03       -230.743E-03  
              466.694E-03       -135.432E-03       -233.347E-03  
              474.505E-03       -134.286E-03       -237.253E-03  
              486.222E-03       -133.007E-03       -243.111E-03  
              503.797E-03       -130.589E-03       -251.899E-03  
              508.191E-03       -129.477E-03       -254.095E-03  
              509.015E-03       -129.173E-03       -254.507E-03  
              509.633E-03       -128.907E-03       -254.816E-03  
              510.25E-03        -128.772E-03       -255.125E-03  
              511.486E-03       -128.392E-03       -255.743E-03  
              512.104E-03       -128.244E-03       -256.052E-03  
              512.109E-03       -128.166E-03       -256.054E-03  
              512.112E-03       -128.117E-03       -256.056E-03  
              512.116E-03       -128.087E-03       -256.058E-03  
              512.123E-03       -128.04E-03        -256.062E-03  
              512.131E-03       -127.991E-03       -256.065E-03  
              512.138E-03       -127.96E-03        -256.069E-03  
              512.145E-03       -127.93E-03        -256.073E-03  
              512.152E-03       -127.906E-03       -256.076E-03  
              512.16E-03        -127.887E-03       -256.08E-03   
              512.167E-03       -127.873E-03       -256.083E-03  
              512.172E-03       -127.864E-03       -256.086E-03  
              512.178E-03       -127.857E-03       -256.089E-03  
              512.182E-03       -127.853E-03       -256.091E-03  
              512.186E-03       -127.849E-03       -256.093E-03  
              512.19E-03        -127.846E-03       -256.095E-03  
              512.194E-03       -127.843E-03       -256.097E-03  
              512.198E-03       -127.84E-03        -256.099E-03  
              512.206E-03       -127.834E-03       -256.103E-03  
              512.218E-03       -127.825E-03       -256.109E-03  
              512.243E-03       -127.807E-03       -256.121E-03  
              512.292E-03       -127.771E-03       -256.146E-03  
              512.389E-03       -127.699E-03       -256.195E-03  
              512.585E-03       -127.557E-03       -256.292E-03  
              512.976E-03       -127.441E-03       -256.488E-03  
              513.269E-03       -127.363E-03       -256.635E-03  
              513.563E-03       -127.298E-03       -256.781E-03  
              513.782E-03       -127.255E-03       -256.891E-03  
              514.002E-03       -127.198E-03       -257.001E-03  
              514.222E-03       -127.124E-03       -257.111E-03  
              514.223E-03       -127.119E-03       -257.111E-03  
              514.223E-03       -127.116E-03       -257.112E-03  
              514.224E-03       -127.115E-03       -257.112E-03  
              514.224E-03       -127.114E-03       -257.112E-03  
              514.224E-03       -127.114E-03       -257.112E-03  
              514.224E-03       -127.114E-03       -257.112E-03  
              514.224E-03       -127.114E-03       -257.112E-03  
              514.224E-03       -127.114E-03       -257.112E-03  
              514.224E-03       -127.114E-03       -257.112E-03  
              514.224E-03       -127.114E-03       -257.112E-03  
              514.224E-03       -127.114E-03       -257.112E-03  
              514.224E-03       -127.114E-03       -257.112E-03  
              514.224E-03       -127.114E-03       -257.112E-03  
              514.224E-03       -127.114E-03       -257.112E-03  
              514.224E-03       -127.114E-03       -257.112E-03  
              514.225E-03       -127.114E-03       -257.112E-03  
              514.225E-03       -127.114E-03       -257.112E-03  
              514.225E-03       -127.114E-03       -257.112E-03  
              514.225E-03       -127.114E-03       -257.113E-03  
              514.226E-03       -127.113E-03       -257.113E-03  
              514.228E-03       -127.113E-03       -257.114E-03  
              514.232E-03       -127.111E-03       -257.116E-03  
              514.239E-03       -127.109E-03       -257.12E-03   
              514.239E-03       -127.109E-03       -257.12E-03   
              514.239E-03       -127.109E-03       -257.12E-03   
              514.239E-03       -127.109E-03       -257.12E-03   
              514.239E-03       -127.109E-03       -257.12E-03   
              514.239E-03       -127.109E-03       -257.12E-03   
              514.239E-03       -127.109E-03       -257.12E-03   
              514.239E-03       -127.109E-03       -257.12E-03   
              514.239E-03       -127.109E-03       -257.12E-03   
              514.239E-03       -127.109E-03       -257.12E-03   
              514.239E-03       -127.109E-03       -257.12E-03   
              514.24E-03        -127.109E-03       -257.12E-03   
              514.24E-03        -127.109E-03       -257.12E-03   
              514.24E-03        -127.109E-03       -257.12E-03   
              514.24E-03        -127.109E-03       -257.12E-03   
              514.24E-03        -127.109E-03       -257.12E-03   
              514.24E-03        -127.109E-03       -257.12E-03   
              514.24E-03        -127.109E-03       -257.12E-03   
              514.24E-03        -127.109E-03       -257.12E-03   
              514.24E-03        -127.109E-03       -257.12E-03   
              514.24E-03        -127.109E-03       -257.12E-03   
              514.24E-03        -127.109E-03       -257.12E-03   
              514.24E-03        -127.109E-03       -257.12E-03   
              514.24E-03        -127.109E-03       -257.12E-03   
              514.24E-03        -127.108E-03       -257.12E-03   
              514.24E-03        -127.108E-03       -257.12E-03   
              514.24E-03        -127.108E-03       -257.12E-03   
              514.24E-03        -127.108E-03       -257.12E-03   
              514.24E-03        -127.108E-03       -257.12E-03   
              514.24E-03        -127.108E-03       -257.12E-03   
              514.24E-03        -127.108E-03       -257.12E-03   
              514.24E-03        -127.108E-03       -257.12E-03   
              514.24E-03        -127.108E-03       -257.12E-03   
              514.24E-03        -127.108E-03       -257.12E-03   
              514.24E-03        -127.108E-03       -257.12E-03   
              514.24E-03        -127.108E-03       -257.12E-03   
              514.24E-03        -127.107E-03       -257.12E-03   
              514.241E-03       -127.105E-03       -257.121E-03  
              514.242E-03       -127.102E-03       -257.121E-03  
              514.245E-03       -127.096E-03       -257.122E-03  
              514.25E-03        -127.084E-03       -257.125E-03  
              514.26E-03        -127.061E-03       -257.13E-03   
              514.279E-03       -127.015E-03       -257.14E-03   
              514.319E-03       -126.923E-03       -257.16E-03   
              514.398E-03       -126.746E-03       -257.199E-03  
              514.557E-03       -126.411E-03       -257.279E-03  
              514.875E-03       -125.836E-03       -257.437E-03  
              514.878E-03       -125.784E-03       -257.439E-03  
              514.881E-03       -125.728E-03       -257.441E-03  
              514.884E-03       -125.669E-03       -257.442E-03  
              514.887E-03       -125.602E-03       -257.443E-03  
              514.89E-03        -125.528E-03       -257.445E-03  
              514.892E-03       -125.448E-03       -257.446E-03  
              514.896E-03       -125.331E-03       -257.448E-03  
              514.905E-03       -125.146E-03       -257.452E-03  
              514.913E-03       -124.954E-03       -257.457E-03  
              514.922E-03       -124.662E-03       -257.461E-03  
              514.93E-03        -124.25E-03        -257.465E-03  
              514.938E-03       -123.716E-03       -257.469E-03  
              514.947E-03       -123.044E-03       -257.473E-03  
              514.955E-03       -122.23E-03        -257.478E-03  
              514.963E-03       -121.269E-03       -257.482E-03  
              514.972E-03       -120.149E-03       -257.486E-03  
              514.98E-03        -118.98E-03        -257.49E-03   
              514.989E-03       -117.841E-03       -257.494E-03  
              514.997E-03       -116.797E-03       -257.498E-03  
              515.005E-03       -115.885E-03       -257.503E-03  
              515.018E-03       -114.877E-03       -257.509E-03  
              515.037E-03       -113.876E-03       -257.518E-03  
              515.056E-03       -113.09E-03        -257.528E-03  
              515.074E-03       -112.515E-03       -257.537E-03  
              515.103E-03       -112.108E-03       -257.551E-03  
              515.131E-03       -111.921E-03       -257.565E-03  
              515.159E-03       -111.869E-03       -257.58E-03   
              515.18E-03        -111.862E-03       -257.59E-03   
              515.196E-03       -111.86E-03        -257.598E-03  
              515.212E-03       -111.858E-03       -257.606E-03  
              515.228E-03       -111.857E-03       -257.614E-03  
              515.26E-03        -111.852E-03       -257.63E-03   
              515.323E-03       -111.845E-03       -257.662E-03  
              515.45E-03        -111.828E-03       -257.725E-03  
              515.705E-03       -111.798E-03       -257.852E-03  
              516.213E-03       -111.741E-03       -258.107E-03  
              517.23E-03        -111.604E-03       -258.615E-03  
              519.264E-03       -111.318E-03       -259.632E-03  
              523.331E-03       -110.592E-03       -261.666E-03  
              529.433E-03       -109.497E-03       -264.716E-03  
              538.585E-03       -108.138E-03       -269.293E-03  
              547.737E-03       -106.94E-03        -273.869E-03  
              556.889E-03       -105.739E-03       -278.445E-03  
              570.618E-03       -104.378E-03       -285.309E-03  
              590.618E-03       -102.724E-03       -295.309E-03  
              610.618E-03       -101.725E-03       -305.309E-03  
              630.618E-03       -101.077E-03       -315.309E-03  
              650.618E-03       -100.597E-03       -325.309E-03  
              670.618E-03       -100.182E-03       -335.309E-03  
              690.618E-03        -99.9443E-03      -345.309E-03  
              710.618E-03        -99.7601E-03      -355.309E-03  
              710.657E-03        -99.6887E-03      -355.328E-03  
              710.686E-03        -99.6731E-03      -355.343E-03  
              710.692E-03        -99.6717E-03      -355.346E-03  
              710.696E-03        -99.6714E-03      -355.348E-03  
              710.699E-03        -99.6712E-03      -355.349E-03  
              710.702E-03        -99.6709E-03      -355.351E-03  
              710.708E-03        -99.6705E-03      -355.354E-03  
              710.72E-03         -99.6696E-03      -355.36E-03   
              710.745E-03        -99.6679E-03      -355.373E-03  
              710.795E-03        -99.6643E-03      -355.397E-03  
              710.893E-03        -99.6569E-03      -355.447E-03  
              711.091E-03        -99.6411E-03      -355.546E-03  
              711.487E-03        -99.6097E-03      -355.743E-03  
              712.278E-03        -99.5402E-03      -356.139E-03  
              712.284E-03        -99.5141E-03      -356.142E-03  
              712.289E-03        -99.4945E-03      -356.144E-03  
              712.293E-03        -99.4781E-03      -356.147E-03  
              712.298E-03        -99.4637E-03      -356.149E-03  
              712.302E-03        -99.4512E-03      -356.151E-03  
              712.307E-03        -99.4404E-03      -356.154E-03  
              712.312E-03        -99.4312E-03      -356.156E-03  
              712.316E-03        -99.4234E-03      -356.158E-03  
              712.321E-03        -99.4167E-03      -356.16E-03   
              712.326E-03        -99.4111E-03      -356.163E-03  
              712.33E-03         -99.4061E-03      -356.165E-03  
              712.335E-03        -99.4018E-03      -356.167E-03  
              712.34E-03         -99.3978E-03      -356.17E-03   
              712.344E-03        -99.394E-03       -356.172E-03  
              712.349E-03        -99.3904E-03      -356.174E-03  
              712.353E-03        -99.3868E-03      -356.177E-03  
              712.363E-03        -99.3804E-03      -356.181E-03  
              712.372E-03        -99.3741E-03      -356.186E-03  
              712.381E-03        -99.3678E-03      -356.191E-03  
              712.4E-03          -99.3552E-03      -356.2E-03    
              712.437E-03        -99.3302E-03      -356.218E-03  
              712.511E-03        -99.2798E-03      -356.255E-03  
              712.659E-03        -99.1765E-03      -356.33E-03   
              712.664E-03        -99.1469E-03      -356.332E-03  
              712.667E-03        -99.1196E-03      -356.334E-03  
              712.671E-03        -99.0903E-03      -356.335E-03  
              712.674E-03        -99.0587E-03      -356.337E-03  
              712.68E-03         -99.013E-03       -356.34E-03   
              712.69E-03         -98.9386E-03      -356.345E-03  
              712.693E-03        -98.8997E-03      -356.346E-03  
              712.695E-03        -98.8298E-03      -356.348E-03  
              712.698E-03        -98.7131E-03      -356.349E-03  
              712.701E-03        -98.5358E-03      -356.35E-03   
              712.703E-03        -98.2787E-03      -356.352E-03  
              712.707E-03        -97.7703E-03      -356.353E-03  
              712.713E-03        -96.4556E-03      -356.356E-03  
              712.714E-03        -95.253E-03       -356.357E-03  
              712.716E-03        -92.3363E-03      -356.358E-03  
              712.717E-03        -83.1039E-03      -356.359E-03  
              712.718E-03        -82.4627E-03      -356.359E-03  
              712.719E-03        -82.408E-03       -356.36E-03   
              712.72E-03         -82.3737E-03      -356.36E-03   
              712.72E-03         -82.3463E-03      -356.36E-03   
              712.721E-03        -82.324E-03       -356.361E-03  
              712.722E-03        -82.3064E-03      -356.361E-03  
              712.722E-03        -82.2926E-03      -356.361E-03  
              712.723E-03        -82.2817E-03      -356.361E-03  
              712.724E-03        -82.2754E-03      -356.362E-03  
              712.724E-03        -82.2686E-03      -356.362E-03  
              712.725E-03        -82.2625E-03      -356.363E-03  
              712.727E-03        -82.2565E-03      -356.363E-03  
              712.728E-03        -82.2567E-03      -356.364E-03  
              712.729E-03        -82.2537E-03      -356.365E-03  
              712.731E-03        -82.2529E-03      -356.366E-03  
              712.733E-03        -82.2527E-03      -356.367E-03  
              712.735E-03        -82.2527E-03      -356.368E-03  
              712.739E-03        -82.2526E-03      -356.369E-03  
              712.743E-03        -82.2527E-03      -356.372E-03  
              712.75E-03         -82.2528E-03      -356.375E-03  
              712.761E-03        -82.2531E-03      -356.38E-03   
              712.777E-03        -82.2535E-03      -356.388E-03  
              712.801E-03        -82.2542E-03      -356.4E-03    
              712.836E-03        -82.2553E-03      -356.418E-03  
              712.908E-03        -82.2573E-03      -356.454E-03  
              713.05E-03         -82.2615E-03      -356.525E-03  
              713.336E-03        -82.27E-03        -356.668E-03  
              713.907E-03        -82.2827E-03      -356.953E-03  
              715.048E-03        -82.2993E-03      -357.524E-03  
              717.331E-03        -82.3385E-03      -358.666E-03  
              721.898E-03        -82.4602E-03      -360.949E-03  
              731.031E-03        -82.6455E-03      -365.516E-03  
              744.731E-03        -82.8585E-03      -372.365E-03  
              758.43E-03         -83.1665E-03      -379.215E-03  
              772.13E-03         -83.486E-03       -386.065E-03  
              785.83E-03         -83.713E-03       -392.915E-03  
              799.529E-03        -83.918E-03       -399.765E-03  
              806.379E-03        -84.0534E-03      -403.19E-03   
              813.229E-03        -84.107E-03       -406.614E-03  
              820.079E-03        -84.2267E-03      -410.039E-03  
              826.929E-03        -84.3636E-03      -413.464E-03  
              837.203E-03        -84.5777E-03      -418.602E-03  
              852.615E-03        -85.1041E-03      -426.308E-03  
              872.615E-03        -85.8398E-03      -436.308E-03  
              892.615E-03        -86.9123E-03      -446.308E-03  
              912.615E-03        -87.6116E-03      -456.308E-03  
              932.615E-03        -88.6089E-03      -466.308E-03  
              952.615E-03        -89.5565E-03      -476.308E-03  
              972.615E-03        -90.6063E-03      -486.308E-03  
              992.615E-03        -91.4034E-03      -496.308E-03  
                1.               -91.6999E-03      -500.E-03     




