
 %                            RF:RF2 PI: PART-1  U:U2 PI: PART-1-1
 %                 X             -1 N: 36312          N: 36312    

                0.                -0.                 0.         
               10.E-06            -2.79461E-03       -5.E-06     
               20.E-06            -5.58922E-03      -10.E-06     
               30.E-06            -8.38383E-03      -15.E-06     
               50.E-06           -13.973E-03        -25.E-06     
               90.E-06           -25.1515E-03       -45.E-06     
              170.E-06           -47.5083E-03       -85.E-06     
              330.E-06           -92.2221E-03      -165.E-06     
              650.E-06          -181.649E-03       -325.E-06     
                1.29E-03        -360.503E-03       -645.E-06     
                2.57E-03        -718.202E-03         -1.285E-03  
                5.13E-03          -1.43354           -2.565E-03  
               10.25E-03          -2.86371           -5.125E-03  
               17.93E-03          -5.00668           -8.965E-03  
               29.45E-03          -8.21231          -14.725E-03  
               46.73E-03         -12.9887           -23.365E-03  
               64.01E-03         -17.7063           -32.005E-03  
               81.29E-03         -22.3399           -40.645E-03  
               98.57E-03         -26.8592           -49.285E-03  
              115.85E-03         -31.2206           -57.925E-03  
              133.13E-03         -35.3261           -66.565E-03  
              137.45E-03         -36.16             -68.725E-03  
              141.77E-03         -36.7414           -70.885E-03  
              142.85E-03         -36.6979           -71.425E-03  
              143.93E-03         -36.6454           -71.965E-03  
              144.47E-03         -36.5403           -72.235E-03  
              144.605E-03        -36.4511           -72.3025E-03 
              144.74E-03         -36.3602           -72.37E-03   
              144.875E-03        -36.2673           -72.4375E-03 
              145.01E-03         -36.172            -72.505E-03  
              145.145E-03        -36.0735           -72.5725E-03 
              145.28E-03         -35.9719           -72.64E-03   
              145.415E-03        -35.8676           -72.7075E-03 
              145.55E-03         -35.7597           -72.775E-03  
              145.685E-03        -35.6481           -72.8425E-03 
              145.736E-03        -35.571            -72.8678E-03 
              145.812E-03        -35.4783           -72.9058E-03 
              145.887E-03        -35.3833           -72.9437E-03 
              145.963E-03        -35.2864           -72.9817E-03 
              146.077E-03        -35.1709           -73.0387E-03 
              146.191E-03        -35.0517           -73.0956E-03 
              146.305E-03        -34.9286           -73.1526E-03 
              146.419E-03        -34.8032           -73.2095E-03 
              146.533E-03        -34.6741           -73.2665E-03 
              146.561E-03        -34.6014           -73.2807E-03 
              146.569E-03        -34.5631           -73.2843E-03 
              146.576E-03        -34.5247           -73.2878E-03 
              146.583E-03        -34.4863           -73.2914E-03 
              146.593E-03        -34.4398           -73.2967E-03 
              146.609E-03        -34.3833           -73.3047E-03 
              146.634E-03        -34.3146           -73.3168E-03 
              146.67E-03         -34.2307           -73.3348E-03 
              146.724E-03        -34.1283           -73.3618E-03 
              146.805E-03        -34.0044           -73.4024E-03 
              146.886E-03        -33.8784           -73.4429E-03 
              146.967E-03        -33.749            -73.4835E-03 
              147.048E-03        -33.6166           -73.524E-03  
              147.129E-03        -33.4824           -73.5645E-03 
              147.149E-03        -33.4098           -73.5747E-03 
              147.17E-03         -33.3364           -73.5848E-03 
              147.19E-03         -33.2622           -73.5949E-03 
              147.22E-03         -33.1719           -73.6102E-03 
              147.266E-03        -33.0625           -73.633E-03  
              147.277E-03        -33.0049           -73.6387E-03 
              147.289E-03        -32.9468           -73.6444E-03 
              147.306E-03        -32.8757           -73.6529E-03 
              147.331E-03        -32.7886           -73.6657E-03 
              147.37E-03         -32.6823           -73.685E-03  
              147.428E-03        -32.5533           -73.7139E-03 
              147.485E-03        -32.4219           -73.7427E-03 
              147.543E-03        -32.2874           -73.7716E-03 
              147.601E-03        -32.1508           -73.8005E-03 
              147.623E-03        -32.0634           -73.8113E-03 
              147.655E-03        -31.9567           -73.8275E-03 
              147.688E-03        -31.8482           -73.8438E-03 
              147.72E-03         -31.7381           -73.86E-03   
              147.769E-03        -31.6037           -73.8843E-03 
              147.781E-03        -31.5334           -73.8904E-03 
              147.793E-03        -31.4625           -73.8965E-03 
              147.811E-03        -31.3755           -73.9057E-03 
              147.839E-03        -31.2686           -73.9193E-03 
              147.88E-03         -31.1365           -73.9399E-03 
              147.921E-03        -31.0008           -73.9605E-03 
              147.962E-03        -30.8621           -73.981E-03  
              148.003E-03        -30.7213           -74.0015E-03 
              148.044E-03        -30.5786           -74.0221E-03 
              148.085E-03        -30.4343           -74.0426E-03 
              148.126E-03        -30.2875           -74.0632E-03 
              148.137E-03        -30.2108           -74.0683E-03 
              148.147E-03        -30.1335           -74.0735E-03 
              148.157E-03        -30.0555           -74.0786E-03 
              148.173E-03        -29.9601           -74.0863E-03 
              148.188E-03        -29.8639           -74.094E-03  
              148.203E-03        -29.7666           -74.1017E-03 
              148.219E-03        -29.6681           -74.1094E-03 
              148.234E-03        -29.5681           -74.1171E-03 
              148.25E-03         -29.4668           -74.1248E-03 
              148.255E-03        -29.4037           -74.1277E-03 
              148.264E-03        -29.3262           -74.1321E-03 
              148.273E-03        -29.2481           -74.1364E-03 
              148.281E-03        -29.1694           -74.1407E-03 
              148.29E-03         -29.0898           -74.1451E-03 
              148.303E-03        -28.9914           -74.1516E-03 
              148.323E-03        -28.87             -74.1613E-03 
              148.352E-03        -28.7201           -74.176E-03  
              148.381E-03        -28.5676           -74.1906E-03 
              148.41E-03         -28.4116           -74.2052E-03 
              148.44E-03         -28.2523           -74.2198E-03 
              148.469E-03        -28.0903           -74.2345E-03 
              148.498E-03        -27.9253           -74.2491E-03 
              148.527E-03        -27.7569           -74.2637E-03 
              148.557E-03        -27.5858           -74.2784E-03 
              148.564E-03        -27.4984           -74.282E-03  
              148.571E-03        -27.4105           -74.2857E-03 
              148.579E-03        -27.3222           -74.2893E-03 
              148.586E-03        -27.2335           -74.293E-03  
              148.593E-03        -27.1448           -74.2967E-03 
              148.604E-03        -27.037            -74.3021E-03 
              148.607E-03        -26.9829           -74.3035E-03 
              148.61E-03         -26.929            -74.3049E-03 
              148.613E-03        -26.8752           -74.3063E-03 
              148.615E-03        -26.8218           -74.3076E-03 
              148.618E-03        -26.769            -74.309E-03  
              148.621E-03        -26.7169           -74.3104E-03 
              148.622E-03        -26.6855           -74.3109E-03 
              148.623E-03        -26.6476           -74.3117E-03 
              148.626E-03        -26.6023           -74.3128E-03 
              148.626E-03        -26.5799           -74.3131E-03 
              148.627E-03        -26.5577           -74.3134E-03 
              148.627E-03        -26.5359           -74.3137E-03 
              148.628E-03        -26.5095           -74.3141E-03 
              148.629E-03        -26.4836           -74.3145E-03 
              148.63E-03         -26.4581           -74.315E-03  
              148.631E-03        -26.4275           -74.3156E-03 
              148.633E-03        -26.3975           -74.3163E-03 
              148.634E-03        -26.368            -74.3169E-03 
              148.635E-03        -26.3389           -74.3176E-03 
              148.637E-03        -26.3037           -74.3186E-03 
              148.64E-03         -26.2614           -74.32E-03   
              148.644E-03        -26.2105           -74.3222E-03 
              148.651E-03        -26.1497           -74.3255E-03 
              148.658E-03        -26.0901           -74.3288E-03 
              148.664E-03        -26.0319           -74.3321E-03 
              148.671E-03        -25.975            -74.3354E-03 
              148.677E-03        -25.9192           -74.3387E-03 
              148.684E-03        -25.8647           -74.342E-03  
              148.694E-03        -25.7998           -74.3469E-03 
              148.704E-03        -25.7364           -74.3519E-03 
              148.714E-03        -25.6741           -74.3568E-03 
              148.728E-03        -25.5997           -74.3642E-03 
              148.751E-03        -25.5118           -74.3754E-03 
              148.773E-03        -25.4269           -74.3865E-03 
              148.795E-03        -25.3451           -74.3976E-03 
              148.817E-03        -25.2664           -74.4087E-03 
              148.851E-03        -25.1745           -74.4254E-03 
              148.884E-03        -25.0858           -74.4421E-03 
              148.918E-03        -24.9994           -74.4588E-03 
              148.968E-03        -24.8982           -74.4838E-03 
              149.043E-03        -24.7813           -74.5213E-03 
              149.155E-03        -24.6497           -74.5776E-03 
              149.268E-03        -24.5261           -74.6339E-03 
              149.38E-03         -24.4087           -74.6902E-03 
              149.493E-03        -24.2965           -74.7466E-03 
              149.606E-03        -24.1885           -74.8029E-03 
              149.718E-03        -24.0842           -74.8592E-03 
              149.831E-03        -23.9836           -74.9155E-03 
              149.944E-03        -23.8867           -74.9718E-03 
              150.056E-03        -23.7938           -75.0281E-03 
              150.225E-03        -23.6903           -75.1125E-03 
              150.394E-03        -23.592            -75.197E-03  
              150.563E-03        -23.4983           -75.2814E-03 
              150.732E-03        -23.4088           -75.3659E-03 
              150.901E-03        -23.3232           -75.4503E-03 
              151.07E-03         -23.2414           -75.5348E-03 
              151.239E-03        -23.1631           -75.6193E-03 
              151.492E-03        -23.079            -75.7459E-03 
              151.745E-03        -22.9995           -75.8726E-03 
              151.999E-03        -22.9243           -75.9993E-03 
              152.379E-03        -22.8482           -76.1893E-03 
              152.759E-03        -22.7775           -76.3794E-03 
              153.139E-03        -22.7116           -76.5694E-03 
              153.519E-03        -22.6504           -76.7594E-03 
              153.899E-03        -22.5931           -76.9494E-03 
              154.279E-03        -22.539            -77.1395E-03 
              154.564E-03        -22.4879           -77.282E-03  
              154.849E-03        -22.4393           -77.4245E-03 
              155.134E-03        -22.3926           -77.567E-03  
              155.419E-03        -22.3474           -77.7095E-03 
              155.704E-03        -22.3028           -77.8521E-03 
              155.989E-03        -22.2578           -77.9946E-03 
              156.274E-03        -22.2119           -78.1371E-03 
              156.559E-03        -22.1633           -78.2796E-03 
              156.773E-03        -22.1118           -78.3865E-03 
              156.987E-03        -22.0564           -78.4934E-03 
              157.201E-03        -21.9983           -78.6003E-03 
              157.414E-03        -21.9359           -78.7072E-03 
              157.628E-03        -21.8672           -78.8141E-03 
              157.842E-03        -21.7894           -78.921E-03  
              158.056E-03        -21.6992           -79.0279E-03 
              158.269E-03        -21.5922           -79.1347E-03 
              158.483E-03        -21.4631           -79.2416E-03 
              158.697E-03        -21.3069           -79.3485E-03 
              158.75E-03         -21.2151           -79.3752E-03 
              158.804E-03        -21.1208           -79.402E-03  
              158.857E-03        -21.0251           -79.4287E-03 
              158.911E-03        -20.9283           -79.4554E-03 
              158.964E-03        -20.8306           -79.4821E-03 
              159.018E-03        -20.7329           -79.5089E-03 
              159.071E-03        -20.6354           -79.5356E-03 
              159.125E-03        -20.5375           -79.5623E-03 
              159.178E-03        -20.4389           -79.589E-03  
              159.231E-03        -20.3398           -79.6157E-03 
              159.285E-03        -20.2408           -79.6425E-03 
              159.338E-03        -20.1415           -79.6692E-03 
              159.419E-03        -20.022            -79.7093E-03 
              159.499E-03        -19.9023           -79.7494E-03 
              159.579E-03        -19.7808           -79.7894E-03 
              159.659E-03        -19.657            -79.8295E-03 
              159.739E-03        -19.5309           -79.8696E-03 
              159.819E-03        -19.4032           -79.9097E-03 
              159.9E-03          -19.2741           -79.9498E-03 
              159.98E-03         -19.1438           -79.9899E-03 
              160.1E-03          -18.9853           -80.05E-03   
              160.22E-03         -18.8254           -80.1101E-03 
              160.34E-03         -18.6632           -80.1702E-03 
              160.461E-03        -18.4981           -80.2304E-03 
              160.581E-03        -18.3283           -80.2905E-03 
              160.701E-03        -18.1491           -80.3506E-03 
              160.821E-03        -17.9647           -80.4107E-03 
              160.942E-03        -17.7813           -80.4709E-03 
              161.062E-03        -17.5993           -80.531E-03  
              161.182E-03        -17.4164           -80.5911E-03 
              161.302E-03        -17.2299           -80.6512E-03 
              161.423E-03        -17.0395           -80.7114E-03 
              161.543E-03        -16.8443           -80.7715E-03 
              161.663E-03        -16.6463           -80.8316E-03 
              161.783E-03        -16.4426           -80.8917E-03 
              161.904E-03        -16.2309           -80.9519E-03 
              162.024E-03        -16.0133           -81.012E-03  
              162.144E-03        -15.7893           -81.0721E-03 
              162.264E-03        -15.5546           -81.1322E-03 
              162.385E-03        -15.305            -81.1924E-03 
              162.505E-03        -15.0374           -81.2525E-03 
              162.625E-03        -14.7497           -81.3126E-03 
              162.745E-03        -14.4369           -81.3727E-03 
              162.866E-03        -14.098            -81.4329E-03 
              162.986E-03        -13.7318           -81.493E-03  
              163.106E-03        -13.3689           -81.5531E-03 
              163.226E-03        -13.1231           -81.6132E-03 
              163.347E-03        -12.9495           -81.6734E-03 
              163.467E-03        -12.791            -81.7335E-03 
              163.497E-03        -12.7127           -81.7485E-03 
              163.527E-03        -12.6366           -81.7636E-03 
              163.557E-03        -12.5618           -81.7786E-03 
              163.587E-03        -12.4883           -81.7936E-03 
              163.632E-03        -12.4014           -81.8162E-03 
              163.677E-03        -12.3184           -81.8387E-03 
              163.723E-03        -12.2393           -81.8613E-03 
              163.768E-03        -12.1634           -81.8838E-03 
              163.813E-03        -12.0906           -81.9064E-03 
              163.88E-03         -12.0065           -81.9402E-03 
              163.948E-03        -11.9267           -81.974E-03  
              164.016E-03        -11.8508           -82.0078E-03 
              164.083E-03        -11.7783           -82.0416E-03 
              164.151E-03        -11.7087           -82.0755E-03 
              164.252E-03        -11.6284           -82.1262E-03 
              164.405E-03        -11.537            -82.2023E-03 
              164.557E-03        -11.4499           -82.2784E-03 
              164.709E-03        -11.3666           -82.3545E-03 
              164.861E-03        -11.2867           -82.4306E-03 
              165.013E-03        -11.21             -82.5067E-03 
              165.166E-03        -11.1368           -82.5828E-03 
              165.318E-03        -11.0673           -82.6589E-03 
              165.546E-03        -10.9879           -82.773E-03  
              165.774E-03        -10.9142           -82.8872E-03 
              166.003E-03        -10.8467           -83.0013E-03 
              166.231E-03        -10.7838           -83.1154E-03 
              166.459E-03        -10.7249           -83.2296E-03 
              166.687E-03        -10.6697           -83.3437E-03 
              167.03E-03         -10.6115           -83.5149E-03 
              167.372E-03        -10.5592           -83.6862E-03 
              167.715E-03        -10.5129           -83.8574E-03 
              168.057E-03        -10.472            -84.0286E-03 
              168.4E-03          -10.4366           -84.1998E-03 
              168.742E-03        -10.4062           -84.371E-03  
              169.084E-03        -10.3805           -84.5422E-03 
              169.427E-03        -10.3588           -84.7135E-03 
              169.769E-03        -10.3401           -84.8847E-03 
              170.283E-03        -10.3254           -85.1415E-03 
              170.797E-03        -10.3121           -85.3983E-03 
              171.31E-03         -10.298            -85.6552E-03 
              171.824E-03        -10.2802           -85.912E-03  
              172.338E-03        -10.2625           -86.1688E-03 
              172.851E-03        -10.2498           -86.4256E-03 
              173.365E-03        -10.2414           -86.6825E-03 
              173.879E-03        -10.2356           -86.9393E-03 
              174.392E-03        -10.2314           -87.1961E-03 
              174.906E-03        -10.2282           -87.4529E-03 
              175.419E-03        -10.2258           -87.7097E-03 
              176.19E-03         -10.2313           -88.095E-03  
              176.96E-03         -10.2376           -88.4802E-03 
              177.731E-03        -10.2444           -88.8655E-03 
              178.501E-03        -10.2518           -89.2507E-03 
              179.272E-03        -10.2598           -89.6359E-03 
              180.042E-03        -10.2682           -90.0212E-03 
              180.813E-03        -10.2768           -90.4064E-03 
              181.583E-03        -10.2855           -90.7916E-03 
              182.354E-03        -10.2948           -91.1769E-03 
              183.124E-03        -10.3043           -91.5621E-03 
              183.895E-03        -10.3137           -91.9474E-03 
              184.665E-03        -10.3233           -92.3326E-03 
              185.436E-03        -10.3323           -92.7178E-03 
              186.206E-03        -10.3405           -93.1031E-03 
              186.977E-03        -10.348            -93.4883E-03 
              187.747E-03        -10.3556           -93.8735E-03 
              188.518E-03        -10.3642           -94.2588E-03 
              189.288E-03        -10.3736           -94.644E-03  
              190.059E-03        -10.3839           -95.0293E-03 
              190.829E-03        -10.3946           -95.4145E-03 
              191.599E-03        -10.4055           -95.7997E-03 
              192.37E-03         -10.4165           -96.185E-03  
              193.14E-03         -10.4274           -96.5702E-03 
              193.911E-03        -10.4378           -96.9554E-03 
              194.007E-03        -10.4326           -97.0036E-03 
              194.104E-03        -10.4274           -97.0518E-03 
              194.2E-03          -10.4208           -97.0999E-03 
              194.296E-03        -10.4141           -97.1481E-03 
              194.392E-03        -10.4088           -97.1962E-03 
              194.489E-03        -10.4043           -97.2444E-03 
              194.585E-03        -10.4001           -97.2925E-03 
              194.681E-03        -10.3959           -97.3407E-03 
              194.778E-03        -10.392            -97.3888E-03 
              194.922E-03        -10.3886           -97.4611E-03 
              195.139E-03        -10.3867           -97.5694E-03 
              195.464E-03        -10.3876           -97.7319E-03 
              195.951E-03        -10.3934           -97.9757E-03 
              196.683E-03        -10.4076           -98.3414E-03 
              197.414E-03        -10.4218           -98.7071E-03 
              198.145E-03        -10.4357           -99.0727E-03 
              199.243E-03        -10.462            -99.6213E-03 
              200.34E-03         -10.4876          -100.17E-03   
              200.888E-03        -10.4944          -100.444E-03  
              201.437E-03        -10.5011          -100.718E-03  
              201.985E-03        -10.5068          -100.993E-03  
              202.122E-03        -10.5023          -101.061E-03  
              202.259E-03        -10.497           -101.13E-03   
              202.396E-03        -10.491           -101.198E-03  
              202.534E-03        -10.4848          -101.267E-03  
              202.671E-03        -10.4789          -101.335E-03  
              202.808E-03        -10.4743          -101.404E-03  
              202.945E-03        -10.4707          -101.472E-03  
              203.082E-03        -10.4676          -101.541E-03  
              203.288E-03        -10.4663          -101.644E-03  
              203.596E-03        -10.4679          -101.798E-03  
              203.905E-03        -10.4699          -101.952E-03  
              204.213E-03        -10.4719          -102.107E-03  
              204.676E-03        -10.4787          -102.338E-03  
              205.37E-03         -10.4927          -102.685E-03  
              206.065E-03        -10.5066          -103.032E-03  
              206.759E-03        -10.5202          -103.379E-03  
              207.8E-03          -10.545           -103.9E-03    
              208.841E-03        -10.5694          -104.421E-03  
              209.883E-03        -10.5931          -104.941E-03  
              210.924E-03        -10.6161          -105.462E-03  
              211.965E-03        -10.6377          -105.983E-03  
              213.007E-03        -10.657           -106.503E-03  
              213.267E-03        -10.6548          -106.634E-03  
              213.527E-03        -10.6535          -106.764E-03  
              213.788E-03        -10.6529          -106.894E-03  
              214.048E-03        -10.6531          -107.024E-03  
              214.308E-03        -10.654           -107.154E-03  
              214.569E-03        -10.6554          -107.284E-03  
              214.829E-03        -10.6571          -107.415E-03  
              215.089E-03        -10.659           -107.545E-03  
              215.35E-03         -10.6609          -107.675E-03  
              215.74E-03         -10.6663          -107.87E-03   
              216.326E-03        -10.6774          -108.163E-03  
              217.205E-03        -10.6977          -108.602E-03  
              218.083E-03        -10.7173          -109.042E-03  
              218.962E-03        -10.7366          -109.481E-03  
              219.84E-03         -10.7557          -109.92E-03   
              220.719E-03        -10.7743          -110.359E-03  
              221.598E-03        -10.7924          -110.799E-03  
              222.476E-03        -10.8099          -111.238E-03  
              222.696E-03        -10.8093          -111.348E-03  
              222.915E-03        -10.8092          -111.458E-03  
              223.245E-03        -10.812           -111.622E-03  
              223.739E-03        -10.8188          -111.87E-03   
              224.481E-03        -10.8312          -112.24E-03   
              225.222E-03        -10.8414          -112.611E-03  
              225.963E-03        -10.8505          -112.982E-03  
              226.704E-03        -10.8592          -113.352E-03  
              227.446E-03        -10.8673          -113.723E-03  
              228.187E-03        -10.8742          -114.094E-03  
              229.299E-03        -10.8877          -114.65E-03   
              230.411E-03        -10.8957          -115.206E-03  
              230.689E-03        -10.8854          -115.345E-03  
              230.967E-03        -10.8726          -115.484E-03  
              231.245E-03        -10.8549          -115.623E-03  
              231.523E-03        -10.8342          -115.762E-03  
              231.801E-03        -10.8134          -115.901E-03  
              232.079E-03        -10.7922          -116.04E-03   
              232.357E-03        -10.769           -116.179E-03  
              232.635E-03        -10.7424          -116.318E-03  
              232.913E-03        -10.7103          -116.457E-03  
              233.191E-03        -10.6692          -116.596E-03  
              233.469E-03        -10.6128          -116.735E-03  
              233.539E-03        -10.5744          -116.769E-03  
              233.643E-03        -10.5198          -116.821E-03  
              233.747E-03        -10.4575          -116.874E-03  
              233.851E-03        -10.3905          -116.926E-03  
              233.877E-03        -10.3551          -116.939E-03  
              233.903E-03        -10.3192          -116.952E-03  
              233.93E-03         -10.2828          -116.965E-03  
              233.956E-03        -10.2457          -116.978E-03  
              233.995E-03        -10.2             -116.997E-03  
              234.034E-03        -10.1535          -117.017E-03  
              234.073E-03        -10.1059          -117.036E-03  
              234.112E-03        -10.0575          -117.056E-03  
              234.151E-03        -10.0087          -117.076E-03  
              234.161E-03         -9.9837          -117.08E-03   
              234.171E-03         -9.95878         -117.085E-03  
              234.18E-03          -9.93383         -117.09E-03   
              234.195E-03         -9.90314         -117.098E-03  
              234.217E-03         -9.86552         -117.109E-03  
              234.25E-03          -9.8196          -117.125E-03  
              234.283E-03         -9.77325         -117.142E-03  
              234.316E-03         -9.72638         -117.158E-03  
              234.365E-03         -9.66881         -117.183E-03  
              234.415E-03         -9.61057         -117.207E-03  
              234.464E-03         -9.55127         -117.232E-03  
              234.514E-03         -9.49199         -117.257E-03  
              234.563E-03         -9.43309         -117.282E-03  
              234.613E-03         -9.37363         -117.306E-03  
              234.662E-03         -9.31386         -117.331E-03  
              234.681E-03         -9.27694         -117.34E-03   
              234.709E-03         -9.23174         -117.354E-03  
              234.75E-03          -9.17622         -117.375E-03  
              234.813E-03         -9.10812         -117.407E-03  
              234.837E-03         -9.06618         -117.418E-03  
              234.872E-03         -9.01465         -117.436E-03  
              234.907E-03         -8.96271         -117.453E-03  
              234.942E-03         -8.91036         -117.471E-03  
              234.977E-03         -8.85816         -117.489E-03  
              234.991E-03         -8.82596         -117.495E-03  
              235.01E-03          -8.78644         -117.505E-03  
              235.04E-03          -8.7381          -117.52E-03   
              235.07E-03          -8.68939         -117.535E-03  
              235.1E-03           -8.64066         -117.55E-03   
              235.144E-03         -8.58153         -117.572E-03  
              235.189E-03         -8.522           -117.594E-03  
              235.233E-03         -8.46191         -117.617E-03  
              235.278E-03         -8.40172         -117.639E-03  
              235.289E-03         -8.37119         -117.645E-03  
              235.3E-03           -8.34087         -117.65E-03   
              235.317E-03         -8.30367         -117.658E-03  
              235.342E-03         -8.25815         -117.671E-03  
              235.38E-03          -8.20247         -117.69E-03   
              235.417E-03         -8.14672         -117.709E-03  
              235.455E-03         -8.09103         -117.727E-03  
              235.492E-03         -8.03517         -117.746E-03  
              235.53E-03          -7.97904         -117.765E-03  
              235.587E-03         -7.91034         -117.793E-03  
              235.643E-03         -7.84165         -117.821E-03  
              235.699E-03         -7.77239         -117.85E-03   
              235.756E-03         -7.70258         -117.878E-03  
              235.812E-03         -7.63286         -117.906E-03  
              235.897E-03         -7.54814         -117.948E-03  
              235.981E-03         -7.46292         -117.991E-03  
              236.066E-03         -7.37722         -118.033E-03  
              236.151E-03         -7.29124         -118.075E-03  
              236.235E-03         -7.20473         -118.118E-03  
              236.32E-03          -7.11775         -118.16E-03   
              236.405E-03         -7.0305          -118.202E-03  
              236.489E-03         -6.94254         -118.245E-03  
              236.574E-03         -6.8539          -118.287E-03  
              236.595E-03         -6.80873         -118.298E-03  
              236.627E-03         -6.75374         -118.313E-03  
              236.659E-03         -6.69833         -118.329E-03  
              236.69E-03          -6.64247         -118.345E-03  
              236.738E-03         -6.57368         -118.369E-03  
              236.786E-03         -6.50413         -118.393E-03  
              236.833E-03         -6.43271         -118.417E-03  
              236.881E-03         -6.36075         -118.44E-03   
              236.928E-03         -6.29109         -118.464E-03  
              236.976E-03         -6.22174         -118.488E-03  
              237.024E-03         -6.15223         -118.512E-03  
              237.071E-03         -6.08223         -118.536E-03  
              237.119E-03         -6.01174         -118.559E-03  
              237.166E-03         -5.94064         -118.583E-03  
              237.178E-03         -5.90441         -118.589E-03  
              237.181E-03         -5.88623         -118.591E-03  
              237.186E-03         -5.86384         -118.593E-03  
              237.187E-03         -5.85014         -118.594E-03  
              237.19E-03          -5.83306         -118.595E-03  
              237.194E-03         -5.81234         -118.597E-03  
              237.199E-03         -5.78669         -118.6E-03    
              237.208E-03         -5.75498         -118.604E-03  
              237.22E-03          -5.71593         -118.61E-03   
              237.24E-03          -5.66948         -118.62E-03   
              237.259E-03         -5.62425         -118.629E-03  
              237.278E-03         -5.57911         -118.639E-03  
              237.297E-03         -5.53403         -118.648E-03  
              237.325E-03         -5.47884         -118.663E-03  
              237.368E-03         -5.41204         -118.684E-03  
              237.411E-03         -5.34574         -118.706E-03  
              237.454E-03         -5.28002         -118.727E-03  
              237.497E-03         -5.21531         -118.748E-03  
              237.54E-03          -5.1522          -118.77E-03   
              237.55E-03          -5.12097         -118.775E-03  
              237.561E-03         -5.09031         -118.781E-03  
              237.572E-03         -5.06019         -118.786E-03  
              237.583E-03         -5.03078         -118.791E-03  
              237.599E-03         -4.99568         -118.799E-03  
              237.623E-03         -4.95451         -118.811E-03  
              237.647E-03         -4.91484         -118.824E-03  
              237.671E-03         -4.87644         -118.836E-03  
              237.695E-03         -4.8392          -118.848E-03  
              237.719E-03         -4.80291         -118.86E-03   
              237.725E-03         -4.78489         -118.863E-03  
              237.731E-03         -4.76703         -118.866E-03  
              237.737E-03         -4.74934         -118.869E-03  
              237.747E-03         -4.72789         -118.873E-03  
              237.76E-03          -4.70214         -118.88E-03   
              237.78E-03          -4.67149         -118.89E-03   
              237.801E-03         -4.6417          -118.9E-03    
              237.821E-03         -4.61272         -118.911E-03  
              237.852E-03         -4.57833         -118.926E-03  
              237.882E-03         -4.54496         -118.941E-03  
              237.913E-03         -4.51241         -118.956E-03  
              237.943E-03         -4.48059         -118.972E-03  
              237.989E-03         -4.44279         -118.995E-03  
              238.006E-03         -4.42023         -119.003E-03  
              238.032E-03         -4.3934          -119.016E-03  
              238.058E-03         -4.36757         -119.029E-03  
              238.084E-03         -4.34259         -119.042E-03  
              238.122E-03         -4.3131          -119.061E-03  
              238.18E-03          -4.27854         -119.09E-03   
              238.238E-03         -4.24514         -119.119E-03  
              238.296E-03         -4.21276         -119.148E-03  
              238.354E-03         -4.18134         -119.177E-03  
              238.412E-03         -4.15087         -119.206E-03  
              238.47E-03          -4.12151         -119.235E-03  
              238.557E-03         -4.08747         -119.279E-03  
              238.644E-03         -4.05515         -119.322E-03  
              238.731E-03         -4.02433         -119.365E-03  
              238.861E-03         -3.98894         -119.431E-03  
              238.992E-03         -3.95526         -119.496E-03  
              239.122E-03         -3.92305         -119.561E-03  
              239.318E-03         -3.88648         -119.659E-03  
              239.514E-03         -3.85254         -119.757E-03  
              239.709E-03         -3.82106         -119.855E-03  
              240.003E-03         -3.78625         -120.001E-03  
              240.296E-03         -3.75403         -120.148E-03  
              240.59E-03          -3.72413         -120.295E-03  
              240.883E-03         -3.69646         -120.442E-03  
              241.323E-03         -3.66682         -120.662E-03  
              241.764E-03         -3.64035         -120.882E-03  
              242.204E-03         -3.61656         -121.102E-03  
              242.864E-03         -3.59223         -121.432E-03  
              243.524E-03         -3.57071         -121.762E-03  
              244.185E-03         -3.55101         -122.092E-03  
              244.845E-03         -3.53273         -122.423E-03  
              245.505E-03         -3.51671         -122.753E-03  
              246.166E-03         -3.50348         -123.083E-03  
              246.826E-03         -3.49266         -123.413E-03  
              247.486E-03         -3.48368         -123.743E-03  
              248.147E-03         -3.47579         -124.073E-03  
              248.807E-03         -3.46874         -124.404E-03  
              249.468E-03         -3.4623          -124.734E-03  
              250.128E-03         -3.45656         -125.064E-03  
              250.788E-03         -3.45141         -125.394E-03  
              251.449E-03         -3.44678         -125.724E-03  
              252.109E-03         -3.44265         -126.054E-03  
              252.769E-03         -3.43895         -126.385E-03  
              253.43E-03          -3.4357          -126.715E-03  
              254.09E-03          -3.43271         -127.045E-03  
              254.75E-03          -3.4302          -127.375E-03  
              255.411E-03         -3.42812         -127.705E-03  
              256.071E-03         -3.42638         -128.035E-03  
              256.731E-03         -3.42481         -128.366E-03  
              257.722E-03         -3.42425         -128.861E-03  
              258.712E-03         -3.41925         -129.356E-03  
              259.455E-03         -3.40742         -129.728E-03  
              259.641E-03         -3.3985          -129.82E-03   
              259.827E-03         -3.38874         -129.913E-03  
              260.012E-03         -3.37813         -130.006E-03  
              260.198E-03         -3.36908         -130.099E-03  
              260.384E-03         -3.36198         -130.192E-03  
              260.569E-03         -3.35464         -130.285E-03  
              260.755E-03         -3.34578         -130.378E-03  
              260.941E-03         -3.33519         -130.47E-03   
              261.127E-03         -3.32335         -130.563E-03  
              261.312E-03         -3.30555         -130.656E-03  
              261.405E-03         -3.28902         -130.703E-03  
              261.428E-03         -3.28511         -130.714E-03  
              261.452E-03         -3.28298         -130.726E-03  
              261.475E-03         -3.28123         -130.737E-03  
              261.498E-03         -3.27969         -130.749E-03  
              261.533E-03         -3.27812         -130.766E-03  
              261.585E-03         -3.27661         -130.793E-03  
              261.637E-03         -3.27532         -130.819E-03  
              261.69E-03          -3.2742          -130.845E-03  
              261.768E-03         -3.27321         -130.884E-03  
              261.846E-03         -3.27238         -130.923E-03  
              261.925E-03         -3.27166         -130.962E-03  
              262.003E-03         -3.27101         -131.001E-03  
              262.081E-03         -3.2704          -131.041E-03  
              262.199E-03         -3.26995         -131.099E-03  
              262.375E-03         -3.26976         -131.188E-03  
              262.639E-03         -3.27012         -131.32E-03   
              263.036E-03         -3.27141         -131.518E-03  
              263.631E-03         -3.27424         -131.816E-03  
              264.524E-03         -3.2796          -132.262E-03  
              265.862E-03         -3.28894         -132.931E-03  
              267.87E-03          -3.3043          -133.935E-03  
              270.882E-03         -3.32845         -135.441E-03  
              273.894E-03         -3.35211         -136.947E-03  
              276.906E-03         -3.37514         -138.453E-03  
              277.659E-03         -3.37824         -138.83E-03   
              278.224E-03         -3.37992         -139.112E-03  
              278.648E-03         -3.3806          -139.324E-03  
              279.071E-03         -3.3813          -139.536E-03  
              279.495E-03         -3.38233         -139.747E-03  
              279.918E-03         -3.38381         -139.959E-03  
              280.342E-03         -3.38546         -140.171E-03  
              280.766E-03         -3.38717         -140.383E-03  
              281.189E-03         -3.38889         -140.595E-03  
              281.825E-03         -3.39226         -140.912E-03  
              282.778E-03         -3.39814         -141.389E-03  
              284.207E-03         -3.40795         -142.104E-03  
              286.351E-03         -3.42376         -143.176E-03  
              289.568E-03         -3.4486          -144.784E-03  
              294.393E-03         -3.48627         -147.196E-03  
              295.599E-03         -3.49229         -147.799E-03  
              296.805E-03         -3.49784         -148.402E-03  
              297.031E-03         -3.49687         -148.516E-03  
              297.257E-03         -3.49564         -148.629E-03  
              297.483E-03         -3.49406         -148.742E-03  
              297.71E-03          -3.49221         -148.855E-03  
              297.936E-03         -3.49028         -148.968E-03  
              298.162E-03         -3.48834         -149.081E-03  
              298.388E-03         -3.48625         -149.194E-03  
              298.614E-03         -3.48376         -149.307E-03  
              298.84E-03          -3.48045         -149.42E-03   
              298.897E-03         -3.47789         -149.448E-03  
              298.953E-03         -3.47494         -149.477E-03  
              299.038E-03         -3.47042         -149.519E-03  
              299.123E-03         -3.46393         -149.562E-03  
              299.208E-03         -3.45918         -149.604E-03  
              299.293E-03         -3.45737         -149.646E-03  
              299.378E-03         -3.45618         -149.689E-03  
              299.462E-03         -3.45518         -149.731E-03  
              299.547E-03         -3.45434         -149.774E-03  
              299.674E-03         -3.45377         -149.837E-03  
              299.802E-03         -3.45337         -149.901E-03  
              299.929E-03         -3.4531          -149.964E-03  
              300.12E-03          -3.45327         -150.06E-03   
              300.406E-03         -3.45419         -150.203E-03  
              300.835E-03         -3.45638         -150.418E-03  
              301.265E-03         -3.4586          -150.632E-03  
              301.694E-03         -3.46084         -150.847E-03  
              302.338E-03         -3.46478         -151.169E-03  
              303.304E-03         -3.47129         -151.652E-03  
              304.753E-03         -3.48184         -152.376E-03  
              306.927E-03         -3.49833         -153.463E-03  
              310.187E-03         -3.52327         -155.093E-03  
              315.077E-03         -3.56027         -157.539E-03  
              316.3E-03           -3.56696         -158.15E-03   
              317.523E-03         -3.57398         -158.761E-03  
              317.981E-03         -3.57557         -158.991E-03  
              318.44E-03          -3.57683         -159.22E-03   
              318.784E-03         -3.57585         -159.392E-03  
              319.042E-03         -3.57031         -159.521E-03  
              319.299E-03         -3.56697         -159.65E-03   
              319.493E-03         -3.566           -159.746E-03  
              319.686E-03         -3.56585         -159.843E-03  
              319.88E-03          -3.56605         -159.94E-03   
              320.073E-03         -3.56644         -160.037E-03  
              320.267E-03         -3.56691         -160.133E-03  
              320.46E-03          -3.56742         -160.23E-03   
              320.75E-03          -3.56861         -160.375E-03  
              321.185E-03         -3.57088         -160.593E-03  
              321.838E-03         -3.57484         -160.919E-03  
              322.817E-03         -3.58138         -161.409E-03  
              324.286E-03         -3.59125         -162.143E-03  
              326.489E-03         -3.60638         -163.245E-03  
              327.316E-03         -3.61074         -163.658E-03  
              328.555E-03         -3.61826         -164.277E-03  
              329.02E-03          -3.62017         -164.51E-03   
              329.484E-03         -3.62219         -164.742E-03  
              329.601E-03         -3.62203         -164.8E-03    
              329.717E-03         -3.62174         -164.858E-03  
              329.746E-03         -3.62123         -164.873E-03  
              329.775E-03         -3.62056         -164.887E-03  
              329.804E-03         -3.61952         -164.902E-03  
              329.811E-03         -3.61873         -164.906E-03  
              329.818E-03         -3.61774         -164.909E-03  
              329.829E-03         -3.61631         -164.915E-03  
              329.846E-03         -3.61492         -164.923E-03  
              329.87E-03          -3.61403         -164.935E-03  
              329.907E-03         -3.61356         -164.953E-03  
              329.916E-03         -3.6133          -164.958E-03  
              329.925E-03         -3.61307         -164.963E-03  
              329.934E-03         -3.61286         -164.967E-03  
              329.944E-03         -3.61267         -164.972E-03  
              329.953E-03         -3.61247         -164.976E-03  
              329.962E-03         -3.61228         -164.981E-03  
              329.98E-03          -3.61207         -164.99E-03   
              330.008E-03         -3.61186         -165.004E-03  
              330.049E-03         -3.61168         -165.025E-03  
              330.111E-03         -3.61157         -165.056E-03  
              330.204E-03         -3.6116          -165.102E-03  
              330.344E-03         -3.61189         -165.172E-03  
              330.553E-03         -3.61261         -165.277E-03  
              330.867E-03         -3.61405         -165.434E-03  
              331.339E-03         -3.61664         -165.669E-03  
              332.045E-03         -3.62103         -166.023E-03  
              333.105E-03         -3.62807         -166.553E-03  
              334.695E-03         -3.63849         -167.348E-03  
              337.08E-03          -3.65395         -168.54E-03   
              340.657E-03         -3.67655         -170.329E-03  
              341.551E-03         -3.67931         -170.776E-03  
              342.446E-03         -3.68165         -171.223E-03  
              343.117E-03         -3.68144         -171.558E-03  
              343.787E-03         -3.67939         -171.894E-03  
              344.458E-03         -3.67651         -172.229E-03  
              345.129E-03         -3.67245         -172.564E-03  
              345.632E-03         -3.65215         -172.816E-03  
              345.663E-03         -3.64991         -172.832E-03  
              345.695E-03         -3.64832         -172.847E-03  
              345.726E-03         -3.64695         -172.863E-03  
              345.758E-03         -3.64576         -172.879E-03  
              345.805E-03         -3.64445         -172.902E-03  
              345.875E-03         -3.64312         -172.938E-03  
              345.982E-03         -3.64178         -172.991E-03  
              346.141E-03         -3.64043         -173.07E-03   
              346.38E-03          -3.63889         -173.19E-03   
              346.618E-03         -3.63695         -173.309E-03  
              346.857E-03         -3.63472         -173.429E-03  
              347.096E-03         -3.63239         -173.548E-03  
              347.335E-03         -3.62972         -173.667E-03  
              347.573E-03         -3.62547         -173.787E-03  
              347.812E-03         -3.61609         -173.906E-03  
              348.051E-03         -3.61376         -174.025E-03  
              348.29E-03          -3.61382         -174.145E-03  
              348.528E-03         -3.61441         -174.264E-03  
              348.767E-03         -3.6152          -174.384E-03  
              349.006E-03         -3.61611         -174.503E-03  
              349.364E-03         -3.61789         -174.682E-03  
              349.901E-03         -3.62089         -174.951E-03  
              350.707E-03         -3.62562         -175.354E-03  
              351.916E-03         -3.63273         -175.958E-03  
              353.729E-03         -3.64352         -176.864E-03  
              354.182E-03         -3.64516         -177.091E-03  
              354.635E-03         -3.647           -177.318E-03  
              355.089E-03         -3.64891         -177.544E-03  
              355.202E-03         -3.64894         -177.601E-03  
              355.315E-03         -3.64888         -177.658E-03  
              355.428E-03         -3.64856         -177.714E-03  
              355.542E-03         -3.64783         -177.771E-03  
              355.655E-03         -3.64672         -177.828E-03  
              355.768E-03         -3.64559         -177.884E-03  
              355.882E-03         -3.64471         -177.941E-03  
              356.052E-03         -3.6442          -178.026E-03  
              356.222E-03         -3.64354         -178.111E-03  
              356.392E-03         -3.64182         -178.196E-03  
              356.562E-03         -3.63837         -178.281E-03  
              356.647E-03         -3.63557         -178.323E-03  
              356.732E-03         -3.63312         -178.366E-03  
              356.817E-03         -3.63101         -178.408E-03  
              356.902E-03         -3.62907         -178.451E-03  
              356.987E-03         -3.62726         -178.493E-03  
              357.072E-03         -3.6255          -178.536E-03  
              357.157E-03         -3.62377         -178.578E-03  
              357.242E-03         -3.62202         -178.621E-03  
              357.327E-03         -3.6202          -178.663E-03  
              357.411E-03         -3.61834         -178.706E-03  
              357.496E-03         -3.61638         -178.748E-03  
              357.581E-03         -3.61436         -178.791E-03  
              357.666E-03         -3.61224         -178.833E-03  
              357.751E-03         -3.61008         -178.876E-03  
              357.836E-03         -3.60783         -178.918E-03  
              357.921E-03         -3.60553         -178.961E-03  
              358.006E-03         -3.60315         -179.003E-03  
              358.091E-03         -3.60075         -179.046E-03  
              358.176E-03         -3.59828         -179.088E-03  
              358.261E-03         -3.59587         -179.131E-03  
              358.346E-03         -3.59348         -179.173E-03  
              358.431E-03         -3.59123         -179.216E-03  
              358.516E-03         -3.58922         -179.258E-03  
              358.601E-03         -3.58729         -179.301E-03  
              358.686E-03         -3.58564         -179.343E-03  
              358.814E-03         -3.58437         -179.407E-03  
              358.941E-03         -3.58332         -179.471E-03  
              359.069E-03         -3.58229         -179.534E-03  
              359.26E-03          -3.5814          -179.63E-03   
              359.547E-03         -3.58107         -179.773E-03  
              359.834E-03         -3.58101         -179.917E-03  
              360.12E-03          -3.58114         -180.06E-03   
              360.551E-03         -3.58207         -180.275E-03  
              360.981E-03         -3.58304         -180.49E-03   
              361.411E-03         -3.58381         -180.706E-03  
              361.841E-03         -3.58432         -180.921E-03  
              362.272E-03         -3.58466         -181.136E-03  
              362.702E-03         -3.58493         -181.351E-03  
              363.132E-03         -3.58517         -181.566E-03  
              363.562E-03         -3.58558         -181.781E-03  
              363.993E-03         -3.58636         -181.996E-03  
              364.423E-03         -3.58757         -182.211E-03  
              364.853E-03         -3.58908         -182.427E-03  
              365.283E-03         -3.59084         -182.642E-03  
              365.714E-03         -3.59276         -182.857E-03  
              366.144E-03         -3.59476         -183.072E-03  
              366.574E-03         -3.59679         -183.287E-03  
              367.435E-03         -3.60148         -183.717E-03  
              368.725E-03         -3.60868         -184.363E-03  
              370.661E-03         -3.61953         -185.331E-03  
              373.566E-03         -3.63562         -186.783E-03  
              377.922E-03         -3.65849         -188.961E-03  
              384.456E-03         -3.68851         -192.228E-03  
              390.991E-03         -3.71096         -195.495E-03  
              394.258E-03         -3.71301         -197.129E-03  
              397.525E-03         -3.71179         -198.762E-03  




